Using pre-set license
Built from '2021.3/staging' branch; Version is '2021.3.29f1 (204d6dc9ae1c) revision 2116973'; Using compiler version '192829333'; Build Type 'Release'
OS: 'Windows 11  (10.0.22631) 64bit CoreSingleLanguage' Language: 'ru' Physical Memory: 16222 MB
BatchMode: 1, IsHumanControllingUs: 0, StartBugReporterOnCrash: 0, Is64bit: 1, IsPro: 1

COMMAND LINE ARGUMENTS:
C:\Program Files\Unity\Hub\Editor\2021.3.29f1\Editor\Unity.exe
-adb2
-batchMode
-noUpm
-name
AssetImportWorker3
-projectPath
C:/Source/IT01GROUP/maxim evgenievich
-logFile
Logs/AssetImportWorker3.log
-srvPort
54557
Successfully changed project path to: C:/Source/IT01GROUP/maxim evgenievich
C:/Source/IT01GROUP/maxim evgenievich
[UnityMemory] Configuration Parameters - Can be set up in boot.config
    "memorysetup-bucket-allocator-granularity=16"
    "memorysetup-bucket-allocator-bucket-count=8"
    "memorysetup-bucket-allocator-block-size=33554432"
    "memorysetup-bucket-allocator-block-count=8"
    "memorysetup-main-allocator-block-size=16777216"
    "memorysetup-thread-allocator-block-size=16777216"
    "memorysetup-gfx-main-allocator-block-size=16777216"
    "memorysetup-gfx-thread-allocator-block-size=16777216"
    "memorysetup-cache-allocator-block-size=4194304"
    "memorysetup-typetree-allocator-block-size=2097152"
    "memorysetup-profiler-bucket-allocator-granularity=16"
    "memorysetup-profiler-bucket-allocator-bucket-count=8"
    "memorysetup-profiler-bucket-allocator-block-size=33554432"
    "memorysetup-profiler-bucket-allocator-block-count=8"
    "memorysetup-profiler-allocator-block-size=16777216"
    "memorysetup-profiler-editor-allocator-block-size=1048576"
    "memorysetup-temp-allocator-size-main=16777216"
    "memorysetup-job-temp-allocator-block-size=2097152"
    "memorysetup-job-temp-allocator-block-size-background=1048576"
    "memorysetup-job-temp-allocator-reduction-small-platforms=262144"
    "memorysetup-temp-allocator-size-background-worker=32768"
    "memorysetup-temp-allocator-size-job-worker=262144"
    "memorysetup-temp-allocator-size-preload-manager=33554432"
    "memorysetup-temp-allocator-size-nav-mesh-worker=65536"
    "memorysetup-temp-allocator-size-audio-worker=65536"
    "memorysetup-temp-allocator-size-cloud-worker=32768"
    "memorysetup-temp-allocator-size-gi-baking-worker=262144"
    "memorysetup-temp-allocator-size-gfx=262144"
Player connection [26608] Host "[IP] 192.168.1.222 [Port] 0 [Flags] 2 [Guid] 2015182457 [EditorId] 2015182457 [Version] 1048832 [Id] WindowsEditor(7,Komapuk) [Debug] 1 [PackageName] WindowsEditor [ProjectName] Editor" joined multi-casting on [225.0.0.222:54997]...

Player connection [26608] Host "[IP] 192.168.1.222 [Port] 0 [Flags] 2 [Guid] 2015182457 [EditorId] 2015182457 [Version] 1048832 [Id] WindowsEditor(7,Komapuk) [Debug] 1 [PackageName] WindowsEditor [ProjectName] Editor" joined alternative multi-casting on [225.0.0.222:34997]...

Refreshing native plugins compatible for Editor in 110.48 ms, found 3 plugins.
Preloading 0 native plugins for Editor in 0.00 ms.
Initialize engine version: 2021.3.29f1 (204d6dc9ae1c)
[Subsystems] Discovering subsystems at path C:/Program Files/Unity/Hub/Editor/2021.3.29f1/Editor/Data/Resources/UnitySubsystems
[Subsystems] Discovering subsystems at path C:/Source/IT01GROUP/maxim evgenievich/Assets
GfxDevice: creating device client; threaded=0; jobified=0
Direct3D:
    Version:  Direct3D 11.0 [level 11.1]
    Renderer: NVIDIA GeForce RTX 3060 Ti (ID=0x24c9)
    Vendor:   NVIDIA
    VRAM:     8038 MB
    Driver:   31.0.15.4612
Initialize mono
Mono path[0] = 'C:/Program Files/Unity/Hub/Editor/2021.3.29f1/Editor/Data/Managed'
Mono path[1] = 'C:/Program Files/Unity/Hub/Editor/2021.3.29f1/Editor/Data/MonoBleedingEdge/lib/mono/unityjit-win32'
Mono config path = 'C:/Program Files/Unity/Hub/Editor/2021.3.29f1/Editor/Data/MonoBleedingEdge/etc'
Using monoOptions --debugger-agent=transport=dt_socket,embedding=1,server=y,suspend=n,address=127.0.0.1:56876
Begin MonoManager ReloadAssembly
Registering precompiled unity dll's ...
Register platform support module: C:/Program Files/Unity/Hub/Editor/2021.3.29f1/Editor/Data/PlaybackEngines/AndroidPlayer/UnityEditor.Android.Extensions.dll
Register platform support module: C:/Program Files/Unity/Hub/Editor/2021.3.29f1/Editor/Data/PlaybackEngines/WindowsStandaloneSupport/UnityEditor.WindowsStandalone.Extensions.dll
Registered in 0.003047 seconds.
Native extension for WindowsStandalone target not found
Native extension for Android target not found
Android Extension - Scanning For ADB Devices 202 ms
Refreshing native plugins compatible for Editor in 112.67 ms, found 3 plugins.
Preloading 0 native plugins for Editor in 0.00 ms.
Mono: successfully reloaded assembly
- Completed reload, in  0.820 seconds
Domain Reload Profiling:
	ReloadAssembly (820ms)
		BeginReloadAssembly (63ms)
			ExecutionOrderSort (0ms)
			DisableScriptedObjects (0ms)
			BackupInstance (0ms)
			ReleaseScriptingObjects (0ms)
			CreateAndSetChildDomain (1ms)
		EndReloadAssembly (683ms)
			LoadAssemblies (62ms)
			RebuildTransferFunctionScriptingTraits (0ms)
			SetupTypeCache (92ms)
			ReleaseScriptCaches (0ms)
			RebuildScriptCaches (26ms)
			SetupLoadedEditorAssemblies (523ms)
				LogAssemblyErrors (0ms)
				InitializePlatformSupportModulesInManaged (291ms)
				SetLoadedEditorAssemblies (0ms)
				RefreshPlugins (113ms)
				BeforeProcessingInitializeOnLoad (1ms)
				ProcessInitializeOnLoadAttributes (70ms)
				ProcessInitializeOnLoadMethodAttributes (48ms)
				AfterProcessingInitializeOnLoad (0ms)
				EditorAssembliesLoaded (0ms)
			ExecutionOrderSort2 (0ms)
			AwakeInstancesAfterBackupRestoration (0ms)
Platform modules already initialized, skipping
Registering precompiled user dll's ...
Registered in 0.007404 seconds.
Begin MonoManager ReloadAssembly
Symbol file LoadedFromMemory doesn't match image C:\Source\IT01GROUP\maxim evgenievich\Library\PackageCache\com.unity.visualscripting@1.8.0\Editor\VisualScripting.Core\Dependencies\YamlDotNet\Unity.VisualScripting.YamlDotNet.dll
Symbol file LoadedFromMemory doesn't match image C:\Source\IT01GROUP\maxim evgenievich\Library\PackageCache\com.unity.visualscripting@1.8.0\Editor\VisualScripting.Core\Dependencies\DotNetZip\Unity.VisualScripting.IonicZip.dll
Native extension for WindowsStandalone target not found
Native extension for Android target not found
Refreshing native plugins compatible for Editor in 1.08 ms, found 3 plugins.
Preloading 0 native plugins for Editor in 0.00 ms.
Mono: successfully reloaded assembly
- Completed reload, in  1.025 seconds
Domain Reload Profiling:
	ReloadAssembly (1025ms)
		BeginReloadAssembly (86ms)
			ExecutionOrderSort (0ms)
			DisableScriptedObjects (4ms)
			BackupInstance (0ms)
			ReleaseScriptingObjects (0ms)
			CreateAndSetChildDomain (15ms)
		EndReloadAssembly (858ms)
			LoadAssemblies (69ms)
			RebuildTransferFunctionScriptingTraits (0ms)
			SetupTypeCache (216ms)
			ReleaseScriptCaches (0ms)
			RebuildScriptCaches (48ms)
			SetupLoadedEditorAssemblies (492ms)
				LogAssemblyErrors (0ms)
				InitializePlatformSupportModulesInManaged (15ms)
				SetLoadedEditorAssemblies (0ms)
				RefreshPlugins (1ms)
				BeforeProcessingInitializeOnLoad (60ms)
				ProcessInitializeOnLoadAttributes (398ms)
				ProcessInitializeOnLoadMethodAttributes (14ms)
				AfterProcessingInitializeOnLoad (3ms)
				EditorAssembliesLoaded (0ms)
			ExecutionOrderSort2 (0ms)
			AwakeInstancesAfterBackupRestoration (6ms)
Platform modules already initialized, skipping
========================================================================
Worker process is ready to serve import requests
Launched and connected shader compiler UnityShaderCompiler.exe after 0.04 seconds
Refreshing native plugins compatible for Editor in 2.08 ms, found 3 plugins.
Preloading 0 native plugins for Editor in 0.00 ms.
Unloading 4614 Unused Serialized files (Serialized files now loaded: 0)
Unloading 46 unused Assets / (292.6 KB). Loaded Objects now: 5146.
Memory consumption went from 169.0 MB to 168.7 MB.
Total: 3.575700 ms (FindLiveObjects: 0.255600 ms CreateObjectMapping: 0.136100 ms MarkObjects: 2.995400 ms  DeleteObjects: 0.187200 ms)

AssetImportParameters requested are different than current active one (requested -> active):
  custom:video-decoder-ogg-theora: a1e56fd34408186e4bbccfd4996cb3dc -> 
  custom:container-muxer-webm: aa71ff27fc2769a1b78a27578f13a17b -> 
  custom:container-demuxer-webm: 4f35f7cbe854078d1ac9338744f61a02 -> 
  custom:video-encoder-webm-vp8: eb34c28f22e8b96e1ab97ce403110664 -> 
  custom:video-codec-MediaFoundation-h265: 746d11721c4dcdbdad8f713fa42b33f4 -> 
  custom:CustomObjectIndexerAttribute: bc11b3a6c3213fcdd17b65e7da85e133 -> 
  custom:audio-encoder-webm-vorbis: bf7c407c2cedff20999df2af8eb42d56 -> 
  custom:framework-win-MediaFoundation: 216162199b28c13a410421893ffa2e32 -> 
  custom:container-demuxer-ogg: 62fdf1f143b41e24485cea50d1cbac27 -> 
  custom:video-decoder-webm-vp8: 9c59270c3fd7afecdb556c50c9e8de78 -> 
  custom:audio-decoder-ogg-vorbis: bf7c407c2cedff20999df2af8eb42d56 -> 
========================================================================
Received Import Request.
  Time since last request: 7186.507207 seconds.
  path: Assets/PolygonHorrorCarnival/Prefabs/FX/FX_Smoke_Colored_01.prefab
  artifactKey: Guid(11dad231e3c354e469c3fbbb6e0649d3) Importer(815301076,1909f56bfc062723c751e8b465ee728b)
Start importing Assets/PolygonHorrorCarnival/Prefabs/FX/FX_Smoke_Colored_01.prefab using Guid(11dad231e3c354e469c3fbbb6e0649d3) Importer(815301076,1909f56bfc062723c751e8b465ee728b)  -> (artifact id: 'd5b472b6b8ce9d66f87ae0bcec73a868') in 0.095915 seconds 
========================================================================
Received Import Request.
  Time since last request: 0.000033 seconds.
  path: Assets/PolygonHorrorCarnival/Prefabs/FX/FX_SunBeam_01.prefab
  artifactKey: Guid(6259145f6475230498d7171c1850b495) Importer(815301076,1909f56bfc062723c751e8b465ee728b)
Start importing Assets/PolygonHorrorCarnival/Prefabs/FX/FX_SunBeam_01.prefab using Guid(6259145f6475230498d7171c1850b495) Importer(815301076,1909f56bfc062723c751e8b465ee728b)  -> (artifact id: '6bcba0b62a1d4d8633d47c1b10a7f9e2') in 0.042875 seconds 
========================================================================
Received Import Request.
  Time since last request: 0.000024 seconds.
  path: Assets/PolygonHorrorCarnival/Prefabs/FX/FX_Smoke_Small_01.prefab
  artifactKey: Guid(092e8c3410586f6439c14c00d34c55ff) Importer(815301076,1909f56bfc062723c751e8b465ee728b)
Start importing Assets/PolygonHorrorCarnival/Prefabs/FX/FX_Smoke_Small_01.prefab using Guid(092e8c3410586f6439c14c00d34c55ff) Importer(815301076,1909f56bfc062723c751e8b465ee728b)  -> (artifact id: '0dc5e3d0e72c283221bf4bef7f34724e') in 0.015195 seconds 
========================================================================
Received Import Request.
  Time since last request: 0.000019 seconds.
  path: Assets/Invector-3rdPersonController/Shooter/Scripts/ArcherySystem/Prefabs/ArrowProjectile.prefab
  artifactKey: Guid(474e7c6f7335c654b87664989ca4d692) Importer(815301076,1909f56bfc062723c751e8b465ee728b)
Start importing Assets/Invector-3rdPersonController/Shooter/Scripts/ArcherySystem/Prefabs/ArrowProjectile.prefab using Guid(474e7c6f7335c654b87664989ca4d692) Importer(815301076,1909f56bfc062723c751e8b465ee728b)  -> (artifact id: '2a8a0558c341a3d897c23d6ed8ad4d4e') in 1.554372 seconds 
========================================================================
Received Prepare
Registering precompiled user dll's ...
Registered in 0.006594 seconds.
Begin MonoManager ReloadAssembly
Symbol file LoadedFromMemory doesn't match image C:\Source\IT01GROUP\maxim evgenievich\Library\PackageCache\com.unity.visualscripting@1.8.0\Editor\VisualScripting.Core\Dependencies\YamlDotNet\Unity.VisualScripting.YamlDotNet.dll
Symbol file LoadedFromMemory doesn't match image C:\Source\IT01GROUP\maxim evgenievich\Library\PackageCache\com.unity.visualscripting@1.8.0\Editor\VisualScripting.Core\Dependencies\DotNetZip\Unity.VisualScripting.IonicZip.dll
Native extension for WindowsStandalone target not found
Native extension for Android target not found
Refreshing native plugins compatible for Editor in 1.09 ms, found 3 plugins.
Preloading 0 native plugins for Editor in 0.00 ms.
Mono: successfully reloaded assembly
- Completed reload, in  1.066 seconds
Domain Reload Profiling:
	ReloadAssembly (1066ms)
		BeginReloadAssembly (136ms)
			ExecutionOrderSort (0ms)
			DisableScriptedObjects (2ms)
			BackupInstance (0ms)
			ReleaseScriptingObjects (0ms)
			CreateAndSetChildDomain (44ms)
		EndReloadAssembly (844ms)
			LoadAssemblies (85ms)
			RebuildTransferFunctionScriptingTraits (0ms)
			SetupTypeCache (232ms)
			ReleaseScriptCaches (1ms)
			RebuildScriptCaches (31ms)
			SetupLoadedEditorAssemblies (474ms)
				LogAssemblyErrors (0ms)
				InitializePlatformSupportModulesInManaged (15ms)
				SetLoadedEditorAssemblies (0ms)
				RefreshPlugins (1ms)
				BeforeProcessingInitializeOnLoad (41ms)
				ProcessInitializeOnLoadAttributes (392ms)
				ProcessInitializeOnLoadMethodAttributes (19ms)
				AfterProcessingInitializeOnLoad (5ms)
				EditorAssembliesLoaded (0ms)
			ExecutionOrderSort2 (0ms)
			AwakeInstancesAfterBackupRestoration (6ms)
Platform modules already initialized, skipping
Refreshing native plugins compatible for Editor in 2.09 ms, found 3 plugins.
Preloading 0 native plugins for Editor in 0.00 ms.
Unloading 4595 Unused Serialized files (Serialized files now loaded: 0)
Unloading 34 unused Assets / (294.1 KB). Loaded Objects now: 5164.
Memory consumption went from 187.2 MB to 186.9 MB.
Total: 2.232800 ms (FindLiveObjects: 0.199200 ms CreateObjectMapping: 0.138900 ms MarkObjects: 1.759300 ms  DeleteObjects: 0.134000 ms)

AssetImportParameters requested are different than current active one (requested -> active):
  custom:video-decoder-ogg-theora: a1e56fd34408186e4bbccfd4996cb3dc -> 
  custom:container-muxer-webm: aa71ff27fc2769a1b78a27578f13a17b -> 
  custom:container-demuxer-webm: 4f35f7cbe854078d1ac9338744f61a02 -> 
  custom:video-encoder-webm-vp8: eb34c28f22e8b96e1ab97ce403110664 -> 
  custom:video-codec-MediaFoundation-h265: 746d11721c4dcdbdad8f713fa42b33f4 -> 
  custom:CustomObjectIndexerAttribute: bc11b3a6c3213fcdd17b65e7da85e133 -> 
  custom:audio-encoder-webm-vorbis: bf7c407c2cedff20999df2af8eb42d56 -> 
  custom:framework-win-MediaFoundation: 216162199b28c13a410421893ffa2e32 -> 
  custom:container-demuxer-ogg: 62fdf1f143b41e24485cea50d1cbac27 -> 
  custom:video-decoder-webm-vp8: 9c59270c3fd7afecdb556c50c9e8de78 -> 
  custom:audio-decoder-ogg-vorbis: bf7c407c2cedff20999df2af8eb42d56 -> 
========================================================================
Received Prepare
Registering precompiled user dll's ...
Registered in 0.006181 seconds.
Begin MonoManager ReloadAssembly
Symbol file LoadedFromMemory doesn't match image C:\Source\IT01GROUP\maxim evgenievich\Library\PackageCache\com.unity.visualscripting@1.8.0\Editor\VisualScripting.Core\Dependencies\YamlDotNet\Unity.VisualScripting.YamlDotNet.dll
Symbol file LoadedFromMemory doesn't match image C:\Source\IT01GROUP\maxim evgenievich\Library\PackageCache\com.unity.visualscripting@1.8.0\Editor\VisualScripting.Core\Dependencies\DotNetZip\Unity.VisualScripting.IonicZip.dll
Native extension for WindowsStandalone target not found
Native extension for Android target not found
Refreshing native plugins compatible for Editor in 1.02 ms, found 3 plugins.
Preloading 0 native plugins for Editor in 0.00 ms.
Mono: successfully reloaded assembly
- Completed reload, in  0.858 seconds
Domain Reload Profiling:
	ReloadAssembly (858ms)
		BeginReloadAssembly (107ms)
			ExecutionOrderSort (0ms)
			DisableScriptedObjects (2ms)
			BackupInstance (0ms)
			ReleaseScriptingObjects (0ms)
			CreateAndSetChildDomain (32ms)
		EndReloadAssembly (685ms)
			LoadAssemblies (67ms)
			RebuildTransferFunctionScriptingTraits (0ms)
			SetupTypeCache (196ms)
			ReleaseScriptCaches (1ms)
			RebuildScriptCaches (30ms)
			SetupLoadedEditorAssemblies (361ms)
				LogAssemblyErrors (0ms)
				InitializePlatformSupportModulesInManaged (14ms)
				SetLoadedEditorAssemblies (0ms)
				RefreshPlugins (1ms)
				BeforeProcessingInitializeOnLoad (38ms)
				ProcessInitializeOnLoadAttributes (291ms)
				ProcessInitializeOnLoadMethodAttributes (13ms)
				AfterProcessingInitializeOnLoad (4ms)
				EditorAssembliesLoaded (0ms)
			ExecutionOrderSort2 (0ms)
			AwakeInstancesAfterBackupRestoration (5ms)
Platform modules already initialized, skipping
Refreshing native plugins compatible for Editor in 2.16 ms, found 3 plugins.
Preloading 0 native plugins for Editor in 0.00 ms.
Unloading 4595 Unused Serialized files (Serialized files now loaded: 0)
Unloading 33 unused Assets / (266.6 KB). Loaded Objects now: 5167.
Memory consumption went from 187.2 MB to 186.9 MB.
Total: 2.115600 ms (FindLiveObjects: 0.212500 ms CreateObjectMapping: 0.118700 ms MarkObjects: 1.677500 ms  DeleteObjects: 0.105900 ms)

AssetImportParameters requested are different than current active one (requested -> active):
  custom:video-decoder-ogg-theora: a1e56fd34408186e4bbccfd4996cb3dc -> 
  custom:container-muxer-webm: aa71ff27fc2769a1b78a27578f13a17b -> 
  custom:container-demuxer-webm: 4f35f7cbe854078d1ac9338744f61a02 -> 
  custom:video-encoder-webm-vp8: eb34c28f22e8b96e1ab97ce403110664 -> 
  custom:video-codec-MediaFoundation-h265: 746d11721c4dcdbdad8f713fa42b33f4 -> 
  custom:CustomObjectIndexerAttribute: bc11b3a6c3213fcdd17b65e7da85e133 -> 
  custom:audio-encoder-webm-vorbis: bf7c407c2cedff20999df2af8eb42d56 -> 
  custom:framework-win-MediaFoundation: 216162199b28c13a410421893ffa2e32 -> 
  custom:container-demuxer-ogg: 62fdf1f143b41e24485cea50d1cbac27 -> 
  custom:video-decoder-webm-vp8: 9c59270c3fd7afecdb556c50c9e8de78 -> 
  custom:audio-decoder-ogg-vorbis: bf7c407c2cedff20999df2af8eb42d56 -> 
========================================================================
Received Prepare
Registering precompiled user dll's ...
Registered in 0.008209 seconds.
Begin MonoManager ReloadAssembly
Symbol file LoadedFromMemory doesn't match image C:\Source\IT01GROUP\maxim evgenievich\Library\PackageCache\com.unity.visualscripting@1.8.0\Editor\VisualScripting.Core\Dependencies\YamlDotNet\Unity.VisualScripting.YamlDotNet.dll
Symbol file LoadedFromMemory doesn't match image C:\Source\IT01GROUP\maxim evgenievich\Library\PackageCache\com.unity.visualscripting@1.8.0\Editor\VisualScripting.Core\Dependencies\DotNetZip\Unity.VisualScripting.IonicZip.dll
Native extension for WindowsStandalone target not found
Native extension for Android target not found
Refreshing native plugins compatible for Editor in 1.06 ms, found 3 plugins.
Preloading 0 native plugins for Editor in 0.00 ms.
Mono: successfully reloaded assembly
- Completed reload, in  0.854 seconds
Domain Reload Profiling:
	ReloadAssembly (855ms)
		BeginReloadAssembly (105ms)
			ExecutionOrderSort (0ms)
			DisableScriptedObjects (3ms)
			BackupInstance (0ms)
			ReleaseScriptingObjects (0ms)
			CreateAndSetChildDomain (28ms)
		EndReloadAssembly (682ms)
			LoadAssemblies (67ms)
			RebuildTransferFunctionScriptingTraits (0ms)
			SetupTypeCache (202ms)
			ReleaseScriptCaches (1ms)
			RebuildScriptCaches (31ms)
			SetupLoadedEditorAssemblies (360ms)
				LogAssemblyErrors (0ms)
				InitializePlatformSupportModulesInManaged (14ms)
				SetLoadedEditorAssemblies (0ms)
				RefreshPlugins (1ms)
				BeforeProcessingInitializeOnLoad (38ms)
				ProcessInitializeOnLoadAttributes (290ms)
				ProcessInitializeOnLoadMethodAttributes (13ms)
				AfterProcessingInitializeOnLoad (3ms)
				EditorAssembliesLoaded (0ms)
			ExecutionOrderSort2 (0ms)
			AwakeInstancesAfterBackupRestoration (4ms)
Platform modules already initialized, skipping
Refreshing native plugins compatible for Editor in 1.99 ms, found 3 plugins.
Preloading 0 native plugins for Editor in 0.00 ms.
Unloading 4595 Unused Serialized files (Serialized files now loaded: 0)
Unloading 33 unused Assets / (266.7 KB). Loaded Objects now: 5170.
Memory consumption went from 187.2 MB to 186.9 MB.
Total: 2.200500 ms (FindLiveObjects: 0.242800 ms CreateObjectMapping: 0.133800 ms MarkObjects: 1.703800 ms  DeleteObjects: 0.119400 ms)

AssetImportParameters requested are different than current active one (requested -> active):
  custom:video-decoder-ogg-theora: a1e56fd34408186e4bbccfd4996cb3dc -> 
  custom:container-muxer-webm: aa71ff27fc2769a1b78a27578f13a17b -> 
  custom:container-demuxer-webm: 4f35f7cbe854078d1ac9338744f61a02 -> 
  custom:video-encoder-webm-vp8: eb34c28f22e8b96e1ab97ce403110664 -> 
  custom:video-codec-MediaFoundation-h265: 746d11721c4dcdbdad8f713fa42b33f4 -> 
  custom:CustomObjectIndexerAttribute: bc11b3a6c3213fcdd17b65e7da85e133 -> 
  custom:audio-encoder-webm-vorbis: bf7c407c2cedff20999df2af8eb42d56 -> 
  custom:framework-win-MediaFoundation: 216162199b28c13a410421893ffa2e32 -> 
  custom:container-demuxer-ogg: 62fdf1f143b41e24485cea50d1cbac27 -> 
  custom:video-decoder-webm-vp8: 9c59270c3fd7afecdb556c50c9e8de78 -> 
  custom:audio-decoder-ogg-vorbis: bf7c407c2cedff20999df2af8eb42d56 -> 
========================================================================
Received Prepare
Registering precompiled user dll's ...
Registered in 0.007276 seconds.
Begin MonoManager ReloadAssembly
Symbol file LoadedFromMemory doesn't match image C:\Source\IT01GROUP\maxim evgenievich\Library\PackageCache\com.unity.visualscripting@1.8.0\Editor\VisualScripting.Core\Dependencies\YamlDotNet\Unity.VisualScripting.YamlDotNet.dll
Symbol file LoadedFromMemory doesn't match image C:\Source\IT01GROUP\maxim evgenievich\Library\PackageCache\com.unity.visualscripting@1.8.0\Editor\VisualScripting.Core\Dependencies\DotNetZip\Unity.VisualScripting.IonicZip.dll
Native extension for WindowsStandalone target not found
Native extension for Android target not found
Refreshing native plugins compatible for Editor in 1.06 ms, found 3 plugins.
Preloading 0 native plugins for Editor in 0.00 ms.
Mono: successfully reloaded assembly
- Completed reload, in  0.835 seconds
Domain Reload Profiling:
	ReloadAssembly (836ms)
		BeginReloadAssembly (101ms)
			ExecutionOrderSort (0ms)
			DisableScriptedObjects (3ms)
			BackupInstance (0ms)
			ReleaseScriptingObjects (0ms)
			CreateAndSetChildDomain (28ms)
		EndReloadAssembly (667ms)
			LoadAssemblies (64ms)
			RebuildTransferFunctionScriptingTraits (0ms)
			SetupTypeCache (187ms)
			ReleaseScriptCaches (1ms)
			RebuildScriptCaches (30ms)
			SetupLoadedEditorAssemblies (359ms)
				LogAssemblyErrors (0ms)
				InitializePlatformSupportModulesInManaged (14ms)
				SetLoadedEditorAssemblies (0ms)
				RefreshPlugins (1ms)
				BeforeProcessingInitializeOnLoad (37ms)
				ProcessInitializeOnLoadAttributes (291ms)
				ProcessInitializeOnLoadMethodAttributes (12ms)
				AfterProcessingInitializeOnLoad (4ms)
				EditorAssembliesLoaded (0ms)
			ExecutionOrderSort2 (0ms)
			AwakeInstancesAfterBackupRestoration (4ms)
Platform modules already initialized, skipping
Refreshing native plugins compatible for Editor in 2.11 ms, found 3 plugins.
Preloading 0 native plugins for Editor in 0.00 ms.
Unloading 4595 Unused Serialized files (Serialized files now loaded: 0)
Unloading 33 unused Assets / (267.4 KB). Loaded Objects now: 5173.
Memory consumption went from 187.2 MB to 186.9 MB.
Total: 2.094600 ms (FindLiveObjects: 0.209000 ms CreateObjectMapping: 0.111900 ms MarkObjects: 1.672700 ms  DeleteObjects: 0.100500 ms)

AssetImportParameters requested are different than current active one (requested -> active):
  custom:video-decoder-ogg-theora: a1e56fd34408186e4bbccfd4996cb3dc -> 
  custom:container-muxer-webm: aa71ff27fc2769a1b78a27578f13a17b -> 
  custom:container-demuxer-webm: 4f35f7cbe854078d1ac9338744f61a02 -> 
  custom:video-encoder-webm-vp8: eb34c28f22e8b96e1ab97ce403110664 -> 
  custom:video-codec-MediaFoundation-h265: 746d11721c4dcdbdad8f713fa42b33f4 -> 
  custom:CustomObjectIndexerAttribute: bc11b3a6c3213fcdd17b65e7da85e133 -> 
  custom:audio-encoder-webm-vorbis: bf7c407c2cedff20999df2af8eb42d56 -> 
  custom:framework-win-MediaFoundation: 216162199b28c13a410421893ffa2e32 -> 
  custom:container-demuxer-ogg: 62fdf1f143b41e24485cea50d1cbac27 -> 
  custom:video-decoder-webm-vp8: 9c59270c3fd7afecdb556c50c9e8de78 -> 
  custom:audio-decoder-ogg-vorbis: bf7c407c2cedff20999df2af8eb42d56 -> 
========================================================================
Received Prepare
Registering precompiled user dll's ...
Registered in 0.006272 seconds.
Begin MonoManager ReloadAssembly
Symbol file LoadedFromMemory doesn't match image C:\Source\IT01GROUP\maxim evgenievich\Library\PackageCache\com.unity.visualscripting@1.8.0\Editor\VisualScripting.Core\Dependencies\YamlDotNet\Unity.VisualScripting.YamlDotNet.dll
Symbol file LoadedFromMemory doesn't match image C:\Source\IT01GROUP\maxim evgenievich\Library\PackageCache\com.unity.visualscripting@1.8.0\Editor\VisualScripting.Core\Dependencies\DotNetZip\Unity.VisualScripting.IonicZip.dll
Native extension for WindowsStandalone target not found
Native extension for Android target not found
Refreshing native plugins compatible for Editor in 1.05 ms, found 3 plugins.
Preloading 0 native plugins for Editor in 0.00 ms.
Mono: successfully reloaded assembly
- Completed reload, in  0.892 seconds
Domain Reload Profiling:
	ReloadAssembly (893ms)
		BeginReloadAssembly (107ms)
			ExecutionOrderSort (0ms)
			DisableScriptedObjects (3ms)
			BackupInstance (0ms)
			ReleaseScriptingObjects (0ms)
			CreateAndSetChildDomain (31ms)
		EndReloadAssembly (718ms)
			LoadAssemblies (68ms)
			RebuildTransferFunctionScriptingTraits (0ms)
			SetupTypeCache (222ms)
			ReleaseScriptCaches (1ms)
			RebuildScriptCaches (31ms)
			SetupLoadedEditorAssemblies (367ms)
				LogAssemblyErrors (0ms)
				InitializePlatformSupportModulesInManaged (15ms)
				SetLoadedEditorAssemblies (0ms)
				RefreshPlugins (1ms)
				BeforeProcessingInitializeOnLoad (39ms)
				ProcessInitializeOnLoadAttributes (295ms)
				ProcessInitializeOnLoadMethodAttributes (13ms)
				AfterProcessingInitializeOnLoad (4ms)
				EditorAssembliesLoaded (0ms)
			ExecutionOrderSort2 (0ms)
			AwakeInstancesAfterBackupRestoration (5ms)
Platform modules already initialized, skipping
Refreshing native plugins compatible for Editor in 2.98 ms, found 3 plugins.
Preloading 0 native plugins for Editor in 0.00 ms.
Unloading 4595 Unused Serialized files (Serialized files now loaded: 0)
Unloading 33 unused Assets / (266.4 KB). Loaded Objects now: 5176.
Memory consumption went from 187.2 MB to 187.0 MB.
Total: 2.518500 ms (FindLiveObjects: 0.402000 ms CreateObjectMapping: 0.200300 ms MarkObjects: 1.777100 ms  DeleteObjects: 0.137800 ms)

AssetImportParameters requested are different than current active one (requested -> active):
  custom:video-decoder-ogg-theora: a1e56fd34408186e4bbccfd4996cb3dc -> 
  custom:container-muxer-webm: aa71ff27fc2769a1b78a27578f13a17b -> 
  custom:container-demuxer-webm: 4f35f7cbe854078d1ac9338744f61a02 -> 
  custom:video-encoder-webm-vp8: eb34c28f22e8b96e1ab97ce403110664 -> 
  custom:video-codec-MediaFoundation-h265: 746d11721c4dcdbdad8f713fa42b33f4 -> 
  custom:CustomObjectIndexerAttribute: bc11b3a6c3213fcdd17b65e7da85e133 -> 
  custom:audio-encoder-webm-vorbis: bf7c407c2cedff20999df2af8eb42d56 -> 
  custom:framework-win-MediaFoundation: 216162199b28c13a410421893ffa2e32 -> 
  custom:container-demuxer-ogg: 62fdf1f143b41e24485cea50d1cbac27 -> 
  custom:video-decoder-webm-vp8: 9c59270c3fd7afecdb556c50c9e8de78 -> 
  custom:audio-decoder-ogg-vorbis: bf7c407c2cedff20999df2af8eb42d56 -> 
========================================================================
Received Prepare
Registering precompiled user dll's ...
Registered in 0.006459 seconds.
Begin MonoManager ReloadAssembly
Symbol file LoadedFromMemory doesn't match image C:\Source\IT01GROUP\maxim evgenievich\Library\PackageCache\com.unity.visualscripting@1.8.0\Editor\VisualScripting.Core\Dependencies\YamlDotNet\Unity.VisualScripting.YamlDotNet.dll
Symbol file LoadedFromMemory doesn't match image C:\Source\IT01GROUP\maxim evgenievich\Library\PackageCache\com.unity.visualscripting@1.8.0\Editor\VisualScripting.Core\Dependencies\DotNetZip\Unity.VisualScripting.IonicZip.dll
Native extension for WindowsStandalone target not found
Native extension for Android target not found
Refreshing native plugins compatible for Editor in 1.10 ms, found 3 plugins.
Preloading 0 native plugins for Editor in 0.00 ms.
Mono: successfully reloaded assembly
- Completed reload, in  0.849 seconds
Domain Reload Profiling:
	ReloadAssembly (850ms)
		BeginReloadAssembly (102ms)
			ExecutionOrderSort (0ms)
			DisableScriptedObjects (3ms)
			BackupInstance (0ms)
			ReleaseScriptingObjects (0ms)
			CreateAndSetChildDomain (29ms)
		EndReloadAssembly (680ms)
			LoadAssemblies (65ms)
			RebuildTransferFunctionScriptingTraits (0ms)
			SetupTypeCache (195ms)
			ReleaseScriptCaches (1ms)
			RebuildScriptCaches (29ms)
			SetupLoadedEditorAssemblies (365ms)
				LogAssemblyErrors (0ms)
				InitializePlatformSupportModulesInManaged (17ms)
				SetLoadedEditorAssemblies (0ms)
				RefreshPlugins (1ms)
				BeforeProcessingInitializeOnLoad (38ms)
				ProcessInitializeOnLoadAttributes (291ms)
				ProcessInitializeOnLoadMethodAttributes (13ms)
				AfterProcessingInitializeOnLoad (4ms)
				EditorAssembliesLoaded (0ms)
			ExecutionOrderSort2 (0ms)
			AwakeInstancesAfterBackupRestoration (4ms)
Platform modules already initialized, skipping
Refreshing native plugins compatible for Editor in 2.02 ms, found 3 plugins.
Preloading 0 native plugins for Editor in 0.00 ms.
Unloading 4595 Unused Serialized files (Serialized files now loaded: 0)
Unloading 33 unused Assets / (266.5 KB). Loaded Objects now: 5179.
Memory consumption went from 187.2 MB to 187.0 MB.
Total: 2.294800 ms (FindLiveObjects: 0.288200 ms CreateObjectMapping: 0.137700 ms MarkObjects: 1.759200 ms  DeleteObjects: 0.108800 ms)

AssetImportParameters requested are different than current active one (requested -> active):
  custom:video-decoder-ogg-theora: a1e56fd34408186e4bbccfd4996cb3dc -> 
  custom:container-muxer-webm: aa71ff27fc2769a1b78a27578f13a17b -> 
  custom:container-demuxer-webm: 4f35f7cbe854078d1ac9338744f61a02 -> 
  custom:video-encoder-webm-vp8: eb34c28f22e8b96e1ab97ce403110664 -> 
  custom:video-codec-MediaFoundation-h265: 746d11721c4dcdbdad8f713fa42b33f4 -> 
  custom:CustomObjectIndexerAttribute: bc11b3a6c3213fcdd17b65e7da85e133 -> 
  custom:audio-encoder-webm-vorbis: bf7c407c2cedff20999df2af8eb42d56 -> 
  custom:framework-win-MediaFoundation: 216162199b28c13a410421893ffa2e32 -> 
  custom:container-demuxer-ogg: 62fdf1f143b41e24485cea50d1cbac27 -> 
  custom:video-decoder-webm-vp8: 9c59270c3fd7afecdb556c50c9e8de78 -> 
  custom:audio-decoder-ogg-vorbis: bf7c407c2cedff20999df2af8eb42d56 -> 
========================================================================
Received Import Request.
  Time since last request: 362.599962 seconds.
  path: Assets/Invector-3rdPersonController/Melee Combat/Prefabs/Weapons/vShield.prefab
  artifactKey: Guid(2232bbcc5a195274c9744c2c6352e910) Importer(815301076,1909f56bfc062723c751e8b465ee728b)
Start importing Assets/Invector-3rdPersonController/Melee Combat/Prefabs/Weapons/vShield.prefab using Guid(2232bbcc5a195274c9744c2c6352e910) Importer(815301076,1909f56bfc062723c751e8b465ee728b)  -> (artifact id: 'f4d9c7eef96a7ac73463882298ab41b2') in 0.105347 seconds 
========================================================================
Received Import Request.
  Time since last request: 2466.748067 seconds.
  path: Assets/PolygonApocalypse/Prefabs/Characters/SM_Chr_Business_Male_01.prefab
  artifactKey: Guid(e8efe5fb8015b9f4e985cffca51976f4) Importer(815301076,1909f56bfc062723c751e8b465ee728b)
Start importing Assets/PolygonApocalypse/Prefabs/Characters/SM_Chr_Business_Male_01.prefab using Guid(e8efe5fb8015b9f4e985cffca51976f4) Importer(815301076,1909f56bfc062723c751e8b465ee728b)  -> (artifact id: 'c3427d0725a4487dabb0c42bfa883cc1') in 0.155969 seconds 
========================================================================
Received Import Request.
  Time since last request: 0.000078 seconds.
  path: Assets/PolygonApocalypse/Prefabs/Characters/SM_Chr_Zombie_Male_02.prefab
  artifactKey: Guid(e8e6a8d0d7d9a1245a0d143f23cc283b) Importer(815301076,1909f56bfc062723c751e8b465ee728b)
Start importing Assets/PolygonApocalypse/Prefabs/Characters/SM_Chr_Zombie_Male_02.prefab using Guid(e8e6a8d0d7d9a1245a0d143f23cc283b) Importer(815301076,1909f56bfc062723c751e8b465ee728b)  -> (artifact id: '7577775cdfed2e5f00b4fe9bcb24af7e') in 0.072577 seconds 
========================================================================
Received Import Request.
  Time since last request: 0.000036 seconds.
  path: Assets/PolygonApocalypse/Prefabs/Characters/SM_Chr_Mechanic_Female_01.prefab
  artifactKey: Guid(027cd57972e60824ca74f44e0d80ea9a) Importer(815301076,1909f56bfc062723c751e8b465ee728b)
Start importing Assets/PolygonApocalypse/Prefabs/Characters/SM_Chr_Mechanic_Female_01.prefab using Guid(027cd57972e60824ca74f44e0d80ea9a) Importer(815301076,1909f56bfc062723c751e8b465ee728b)  -> (artifact id: '1b50edf46ab52418ded19f171cc4b111') in 0.067766 seconds 
========================================================================
Received Import Request.
  Time since last request: 0.000045 seconds.
  path: Assets/PolygonApocalypse/Prefabs/Characters/SM_Chr_Teen_Male_01.prefab
  artifactKey: Guid(beecc60259940fb4883c123adc4e992f) Importer(815301076,1909f56bfc062723c751e8b465ee728b)
Start importing Assets/PolygonApocalypse/Prefabs/Characters/SM_Chr_Teen_Male_01.prefab using Guid(beecc60259940fb4883c123adc4e992f) Importer(815301076,1909f56bfc062723c751e8b465ee728b)  -> (artifact id: '43f7b7e545336767605c2ed7e5b91fde') in 0.064898 seconds 
========================================================================
Received Import Request.
  Time since last request: 0.000062 seconds.
  path: Assets/PolygonApocalypse/Prefabs/Characters/SM_Chr_Nerd_Female_01.prefab
  artifactKey: Guid(9aa62c3317bc32048baca61e3360c7ed) Importer(815301076,1909f56bfc062723c751e8b465ee728b)
Start importing Assets/PolygonApocalypse/Prefabs/Characters/SM_Chr_Nerd_Female_01.prefab using Guid(9aa62c3317bc32048baca61e3360c7ed) Importer(815301076,1909f56bfc062723c751e8b465ee728b)  -> (artifact id: '0fc4f863e16908fb68a0d674f383f15f') in 0.094068 seconds 
========================================================================
Received Import Request.
  Time since last request: 0.000056 seconds.
  path: Assets/PolygonApocalypse/Prefabs/Characters/SM_Chr_Eastern_Female_01.prefab
  artifactKey: Guid(863a55b2639294147b8c2bb8a2147ae9) Importer(815301076,1909f56bfc062723c751e8b465ee728b)
Start importing Assets/PolygonApocalypse/Prefabs/Characters/SM_Chr_Eastern_Female_01.prefab using Guid(863a55b2639294147b8c2bb8a2147ae9) Importer(815301076,1909f56bfc062723c751e8b465ee728b)  -> (artifact id: 'a9183e9e4d7e653e8ee6aab7b5e09532') in 0.078630 seconds 
========================================================================
Received Import Request.
  Time since last request: 0.000055 seconds.
  path: Assets/PolygonApocalypse/Prefabs/Characters/SM_Chr_Press_Male_01.prefab
  artifactKey: Guid(bb3dc6915a06dcb4796c2e62d7d40669) Importer(815301076,1909f56bfc062723c751e8b465ee728b)
Start importing Assets/PolygonApocalypse/Prefabs/Characters/SM_Chr_Press_Male_01.prefab using Guid(bb3dc6915a06dcb4796c2e62d7d40669) Importer(815301076,1909f56bfc062723c751e8b465ee728b)  -> (artifact id: 'dd387a4d051b5ac140a7388f9ac99b9b') in 0.074814 seconds 
========================================================================
Received Import Request.
  Time since last request: 0.000034 seconds.
  path: Assets/PolygonApocalypse/Prefabs/Characters/SM_Chr_Soldier_Female_01.prefab
  artifactKey: Guid(b1b8d24198898074e9e7a0a14af7ba95) Importer(815301076,1909f56bfc062723c751e8b465ee728b)
Start importing Assets/PolygonApocalypse/Prefabs/Characters/SM_Chr_Soldier_Female_01.prefab using Guid(b1b8d24198898074e9e7a0a14af7ba95) Importer(815301076,1909f56bfc062723c751e8b465ee728b)  -> (artifact id: '36b99cb1df6d1c215872cf90f8ab65f5') in 0.074430 seconds 
========================================================================
Received Import Request.
  Time since last request: 0.000037 seconds.
  path: Assets/PolygonApocalypse/Prefabs/Characters/SM_Chr_Sheriff_Male_01.prefab
  artifactKey: Guid(d9f6a33196dbe594b893efa7ad5f43a6) Importer(815301076,1909f56bfc062723c751e8b465ee728b)
Start importing Assets/PolygonApocalypse/Prefabs/Characters/SM_Chr_Sheriff_Male_01.prefab using Guid(d9f6a33196dbe594b893efa7ad5f43a6) Importer(815301076,1909f56bfc062723c751e8b465ee728b)  -> (artifact id: '41527c06878f2adac7d82d84cf91de35') in 0.073113 seconds 
========================================================================
Received Import Request.
  Time since last request: 0.000039 seconds.
  path: Assets/PolygonApocalypse/Prefabs/Characters/SM_Chr_Islander_Male_01.prefab
  artifactKey: Guid(e6c3452fd866c464d897b540cc856c41) Importer(815301076,1909f56bfc062723c751e8b465ee728b)
Start importing Assets/PolygonApocalypse/Prefabs/Characters/SM_Chr_Islander_Male_01.prefab using Guid(e6c3452fd866c464d897b540cc856c41) Importer(815301076,1909f56bfc062723c751e8b465ee728b)  -> (artifact id: 'afbec2cebeb93880dbf3f296b6ccd6e1') in 0.077687 seconds 
========================================================================
Received Import Request.
  Time since last request: 0.000034 seconds.
  path: Assets/PolygonApocalypse/Prefabs/Characters/SM_Chr_Hazmat_Male_01.prefab
  artifactKey: Guid(d91ede30c57f9e64cb6e7ac51e28ff35) Importer(815301076,1909f56bfc062723c751e8b465ee728b)
Start importing Assets/PolygonApocalypse/Prefabs/Characters/SM_Chr_Hazmat_Male_01.prefab using Guid(d91ede30c57f9e64cb6e7ac51e28ff35) Importer(815301076,1909f56bfc062723c751e8b465ee728b)  -> (artifact id: '44352223096d67d01f4f7a03076d6adb') in 0.076307 seconds 
========================================================================
Received Import Request.
  Time since last request: 0.000098 seconds.
  path: Assets/PolygonApocalypse/Prefabs/Characters/SM_Chr_Emo_Female_01.prefab
  artifactKey: Guid(0ac3d11c8cf5cc84e842a38373f754e8) Importer(815301076,1909f56bfc062723c751e8b465ee728b)
Start importing Assets/PolygonApocalypse/Prefabs/Characters/SM_Chr_Emo_Female_01.prefab using Guid(0ac3d11c8cf5cc84e842a38373f754e8) Importer(815301076,1909f56bfc062723c751e8b465ee728b)  -> (artifact id: '368e80fed8461d6a82ed274eeb04d466') in 0.078604 seconds 
========================================================================
Received Import Request.
  Time since last request: 0.000059 seconds.
  path: Assets/PolygonApocalypse/Prefabs/Characters/SM_Chr_Nun_Female_01.prefab
  artifactKey: Guid(1099c32bb8860d34e9d77177fdc8ddf6) Importer(815301076,1909f56bfc062723c751e8b465ee728b)
Start importing Assets/PolygonApocalypse/Prefabs/Characters/SM_Chr_Nun_Female_01.prefab using Guid(1099c32bb8860d34e9d77177fdc8ddf6) Importer(815301076,1909f56bfc062723c751e8b465ee728b)  -> (artifact id: '98648922839988c82fe079d6079e3532') in 0.083989 seconds 
========================================================================
Received Import Request.
  Time since last request: 0.000043 seconds.
  path: Assets/PolygonApocalypse/Prefabs/Characters/SM_Chr_Soldier_Male_01.prefab
  artifactKey: Guid(0a08fd84400ab0c41b7a22b7fd0b90a3) Importer(815301076,1909f56bfc062723c751e8b465ee728b)
Start importing Assets/PolygonApocalypse/Prefabs/Characters/SM_Chr_Soldier_Male_01.prefab using Guid(0a08fd84400ab0c41b7a22b7fd0b90a3) Importer(815301076,1909f56bfc062723c751e8b465ee728b)  -> (artifact id: 'c564eacf727cf76fdf62654785584297') in 0.075724 seconds 
========================================================================
Received Import Request.
  Time since last request: 0.000037 seconds.
  path: Assets/PolygonApocalypse/Prefabs/Characters/SM_Chr_Zombie_Female_01.prefab
  artifactKey: Guid(807784d16a875e0499c116c9506424aa) Importer(815301076,1909f56bfc062723c751e8b465ee728b)
Start importing Assets/PolygonApocalypse/Prefabs/Characters/SM_Chr_Zombie_Female_01.prefab using Guid(807784d16a875e0499c116c9506424aa) Importer(815301076,1909f56bfc062723c751e8b465ee728b)  -> (artifact id: '760bfaea30527c471a72b8f705e17b4c') in 0.071887 seconds 
========================================================================
Received Import Request.
  Time since last request: 0.000095 seconds.
  path: Assets/PolygonApocalypse/Prefabs/Characters/SM_Chr_Zombie_Male_01.prefab
  artifactKey: Guid(b87cb604b959698428935c5d56bd97c0) Importer(815301076,1909f56bfc062723c751e8b465ee728b)
Start importing Assets/PolygonApocalypse/Prefabs/Characters/SM_Chr_Zombie_Male_01.prefab using Guid(b87cb604b959698428935c5d56bd97c0) Importer(815301076,1909f56bfc062723c751e8b465ee728b)  -> (artifact id: 'c93f3b1f1a43eb910e30cceabfdd2b86') in 0.075632 seconds 
Editor requested this worker to shutdown with reason: Scaling down because of idle timeout
AssetImportWorkerClient::OnTransportError - code=2 error=End of file
AssetImportWorker is now disconnected from the server
Process exiting
Exiting without the bug reporter. Application will terminate with return code 0