Using pre-set license
Built from '2021.3/staging' branch; Version is '2021.3.29f1 (204d6dc9ae1c) revision 2116973'; Using compiler version '192829333'; Build Type 'Release'
OS: 'Windows 11  (10.0.22631) 64bit CoreSingleLanguage' Language: 'ru' Physical Memory: 16222 MB
BatchMode: 1, IsHumanControllingUs: 0, StartBugReporterOnCrash: 0, Is64bit: 1, IsPro: 1

COMMAND LINE ARGUMENTS:
C:\Program Files\Unity\Hub\Editor\2021.3.29f1\Editor\Unity.exe
-adb2
-batchMode
-noUpm
-name
AssetImportWorker5
-projectPath
C:/Source/IT01GROUP/maxim evgenievich
-logFile
Logs/AssetImportWorker5.log
-srvPort
54557
Successfully changed project path to: C:/Source/IT01GROUP/maxim evgenievich
C:/Source/IT01GROUP/maxim evgenievich
[UnityMemory] Configuration Parameters - Can be set up in boot.config
    "memorysetup-bucket-allocator-granularity=16"
    "memorysetup-bucket-allocator-bucket-count=8"
    "memorysetup-bucket-allocator-block-size=33554432"
    "memorysetup-bucket-allocator-block-count=8"
    "memorysetup-main-allocator-block-size=16777216"
    "memorysetup-thread-allocator-block-size=16777216"
    "memorysetup-gfx-main-allocator-block-size=16777216"
    "memorysetup-gfx-thread-allocator-block-size=16777216"
    "memorysetup-cache-allocator-block-size=4194304"
    "memorysetup-typetree-allocator-block-size=2097152"
    "memorysetup-profiler-bucket-allocator-granularity=16"
    "memorysetup-profiler-bucket-allocator-bucket-count=8"
    "memorysetup-profiler-bucket-allocator-block-size=33554432"
    "memorysetup-profiler-bucket-allocator-block-count=8"
    "memorysetup-profiler-allocator-block-size=16777216"
    "memorysetup-profiler-editor-allocator-block-size=1048576"
    "memorysetup-temp-allocator-size-main=16777216"
    "memorysetup-job-temp-allocator-block-size=2097152"
    "memorysetup-job-temp-allocator-block-size-background=1048576"
    "memorysetup-job-temp-allocator-reduction-small-platforms=262144"
    "memorysetup-temp-allocator-size-background-worker=32768"
    "memorysetup-temp-allocator-size-job-worker=262144"
    "memorysetup-temp-allocator-size-preload-manager=33554432"
    "memorysetup-temp-allocator-size-nav-mesh-worker=65536"
    "memorysetup-temp-allocator-size-audio-worker=65536"
    "memorysetup-temp-allocator-size-cloud-worker=32768"
    "memorysetup-temp-allocator-size-gi-baking-worker=262144"
    "memorysetup-temp-allocator-size-gfx=262144"
Player connection [29232] Host "[IP] 192.168.1.222 [Port] 0 [Flags] 2 [Guid] 3502554022 [EditorId] 3502554022 [Version] 1048832 [Id] WindowsEditor(7,Komapuk) [Debug] 1 [PackageName] WindowsEditor [ProjectName] Editor" joined multi-casting on [225.0.0.222:54997]...

Player connection [29232] Host "[IP] 192.168.1.222 [Port] 0 [Flags] 2 [Guid] 3502554022 [EditorId] 3502554022 [Version] 1048832 [Id] WindowsEditor(7,Komapuk) [Debug] 1 [PackageName] WindowsEditor [ProjectName] Editor" joined alternative multi-casting on [225.0.0.222:34997]...

Refreshing native plugins compatible for Editor in 154.45 ms, found 3 plugins.
Preloading 0 native plugins for Editor in 0.00 ms.
Initialize engine version: 2021.3.29f1 (204d6dc9ae1c)
[Subsystems] Discovering subsystems at path C:/Program Files/Unity/Hub/Editor/2021.3.29f1/Editor/Data/Resources/UnitySubsystems
[Subsystems] Discovering subsystems at path C:/Source/IT01GROUP/maxim evgenievich/Assets
GfxDevice: creating device client; threaded=0; jobified=0
Direct3D:
    Version:  Direct3D 11.0 [level 11.1]
    Renderer: NVIDIA GeForce RTX 3060 Ti (ID=0x24c9)
    Vendor:   NVIDIA
    VRAM:     8038 MB
    Driver:   31.0.15.4612
Initialize mono
Mono path[0] = 'C:/Program Files/Unity/Hub/Editor/2021.3.29f1/Editor/Data/Managed'
Mono path[1] = 'C:/Program Files/Unity/Hub/Editor/2021.3.29f1/Editor/Data/MonoBleedingEdge/lib/mono/unityjit-win32'
Mono config path = 'C:/Program Files/Unity/Hub/Editor/2021.3.29f1/Editor/Data/MonoBleedingEdge/etc'
Using monoOptions --debugger-agent=transport=dt_socket,embedding=1,server=y,suspend=n,address=127.0.0.1:56196
Begin MonoManager ReloadAssembly
Registering precompiled unity dll's ...
Register platform support module: C:/Program Files/Unity/Hub/Editor/2021.3.29f1/Editor/Data/PlaybackEngines/AndroidPlayer/UnityEditor.Android.Extensions.dll
Register platform support module: C:/Program Files/Unity/Hub/Editor/2021.3.29f1/Editor/Data/PlaybackEngines/WindowsStandaloneSupport/UnityEditor.WindowsStandalone.Extensions.dll
Registered in 0.004710 seconds.
Native extension for WindowsStandalone target not found
Native extension for Android target not found
Android Extension - Scanning For ADB Devices 300 ms
Refreshing native plugins compatible for Editor in 169.08 ms, found 3 plugins.
Preloading 0 native plugins for Editor in 0.00 ms.
Mono: successfully reloaded assembly
- Completed reload, in  1.055 seconds
Domain Reload Profiling:
	ReloadAssembly (1056ms)
		BeginReloadAssembly (80ms)
			ExecutionOrderSort (0ms)
			DisableScriptedObjects (0ms)
			BackupInstance (0ms)
			ReleaseScriptingObjects (0ms)
			CreateAndSetChildDomain (1ms)
		EndReloadAssembly (885ms)
			LoadAssemblies (79ms)
			RebuildTransferFunctionScriptingTraits (0ms)
			SetupTypeCache (127ms)
			ReleaseScriptCaches (0ms)
			RebuildScriptCaches (27ms)
			SetupLoadedEditorAssemblies (682ms)
				LogAssemblyErrors (0ms)
				InitializePlatformSupportModulesInManaged (402ms)
				SetLoadedEditorAssemblies (0ms)
				RefreshPlugins (169ms)
				BeforeProcessingInitializeOnLoad (1ms)
				ProcessInitializeOnLoadAttributes (74ms)
				ProcessInitializeOnLoadMethodAttributes (36ms)
				AfterProcessingInitializeOnLoad (0ms)
				EditorAssembliesLoaded (0ms)
			ExecutionOrderSort2 (0ms)
			AwakeInstancesAfterBackupRestoration (0ms)
Platform modules already initialized, skipping
Registering precompiled user dll's ...
Registered in 0.006334 seconds.
Begin MonoManager ReloadAssembly
Symbol file LoadedFromMemory doesn't match image C:\Source\IT01GROUP\maxim evgenievich\Library\PackageCache\com.unity.visualscripting@1.8.0\Editor\VisualScripting.Core\Dependencies\YamlDotNet\Unity.VisualScripting.YamlDotNet.dll
Symbol file LoadedFromMemory doesn't match image C:\Source\IT01GROUP\maxim evgenievich\Library\PackageCache\com.unity.visualscripting@1.8.0\Editor\VisualScripting.Core\Dependencies\DotNetZip\Unity.VisualScripting.IonicZip.dll
Native extension for WindowsStandalone target not found
Native extension for Android target not found
Refreshing native plugins compatible for Editor in 1.23 ms, found 3 plugins.
Preloading 0 native plugins for Editor in 0.00 ms.
Mono: successfully reloaded assembly
- Completed reload, in  0.992 seconds
Domain Reload Profiling:
	ReloadAssembly (993ms)
		BeginReloadAssembly (91ms)
			ExecutionOrderSort (0ms)
			DisableScriptedObjects (4ms)
			BackupInstance (0ms)
			ReleaseScriptingObjects (0ms)
			CreateAndSetChildDomain (15ms)
		EndReloadAssembly (823ms)
			LoadAssemblies (70ms)
			RebuildTransferFunctionScriptingTraits (0ms)
			SetupTypeCache (202ms)
			ReleaseScriptCaches (0ms)
			RebuildScriptCaches (45ms)
			SetupLoadedEditorAssemblies (483ms)
				LogAssemblyErrors (0ms)
				InitializePlatformSupportModulesInManaged (14ms)
				SetLoadedEditorAssemblies (0ms)
				RefreshPlugins (1ms)
				BeforeProcessingInitializeOnLoad (54ms)
				ProcessInitializeOnLoadAttributes (396ms)
				ProcessInitializeOnLoadMethodAttributes (14ms)
				AfterProcessingInitializeOnLoad (4ms)
				EditorAssembliesLoaded (0ms)
			ExecutionOrderSort2 (0ms)
			AwakeInstancesAfterBackupRestoration (5ms)
Platform modules already initialized, skipping
========================================================================
Worker process is ready to serve import requests
Launched and connected shader compiler UnityShaderCompiler.exe after 0.03 seconds
Refreshing native plugins compatible for Editor in 1.95 ms, found 3 plugins.
Preloading 0 native plugins for Editor in 0.00 ms.
Unloading 4617 Unused Serialized files (Serialized files now loaded: 0)
Unloading 46 unused Assets / (293.1 KB). Loaded Objects now: 5150.
Memory consumption went from 170.7 MB to 170.4 MB.
Total: 2.257200 ms (FindLiveObjects: 0.213200 ms CreateObjectMapping: 0.111800 ms MarkObjects: 1.814100 ms  DeleteObjects: 0.117200 ms)

AssetImportParameters requested are different than current active one (requested -> active):
  custom:video-decoder-ogg-theora: a1e56fd34408186e4bbccfd4996cb3dc -> 
  custom:container-muxer-webm: aa71ff27fc2769a1b78a27578f13a17b -> 
  custom:container-demuxer-webm: 4f35f7cbe854078d1ac9338744f61a02 -> 
  custom:video-encoder-webm-vp8: eb34c28f22e8b96e1ab97ce403110664 -> 
  custom:video-codec-MediaFoundation-h265: 746d11721c4dcdbdad8f713fa42b33f4 -> 
  custom:CustomObjectIndexerAttribute: bc11b3a6c3213fcdd17b65e7da85e133 -> 
  custom:audio-encoder-webm-vorbis: bf7c407c2cedff20999df2af8eb42d56 -> 
  custom:framework-win-MediaFoundation: 216162199b28c13a410421893ffa2e32 -> 
  custom:container-demuxer-ogg: 62fdf1f143b41e24485cea50d1cbac27 -> 
  custom:video-decoder-webm-vp8: 9c59270c3fd7afecdb556c50c9e8de78 -> 
  custom:audio-decoder-ogg-vorbis: bf7c407c2cedff20999df2af8eb42d56 -> 
========================================================================
Received Prepare
Registering precompiled user dll's ...
Registered in 0.007223 seconds.
Begin MonoManager ReloadAssembly
Symbol file LoadedFromMemory doesn't match image C:\Source\IT01GROUP\maxim evgenievich\Library\PackageCache\com.unity.visualscripting@1.8.0\Editor\VisualScripting.Core\Dependencies\YamlDotNet\Unity.VisualScripting.YamlDotNet.dll
Symbol file LoadedFromMemory doesn't match image C:\Source\IT01GROUP\maxim evgenievich\Library\PackageCache\com.unity.visualscripting@1.8.0\Editor\VisualScripting.Core\Dependencies\DotNetZip\Unity.VisualScripting.IonicZip.dll
Native extension for WindowsStandalone target not found
Native extension for Android target not found
Refreshing native plugins compatible for Editor in 1.32 ms, found 3 plugins.
Preloading 0 native plugins for Editor in 0.00 ms.
Mono: successfully reloaded assembly
- Completed reload, in  0.865 seconds
Domain Reload Profiling:
	ReloadAssembly (865ms)
		BeginReloadAssembly (106ms)
			ExecutionOrderSort (0ms)
			DisableScriptedObjects (4ms)
			BackupInstance (0ms)
			ReleaseScriptingObjects (0ms)
			CreateAndSetChildDomain (28ms)
		EndReloadAssembly (693ms)
			LoadAssemblies (68ms)
			RebuildTransferFunctionScriptingTraits (0ms)
			SetupTypeCache (195ms)
			ReleaseScriptCaches (1ms)
			RebuildScriptCaches (30ms)
			SetupLoadedEditorAssemblies (376ms)
				LogAssemblyErrors (0ms)
				InitializePlatformSupportModulesInManaged (15ms)
				SetLoadedEditorAssemblies (0ms)
				RefreshPlugins (1ms)
				BeforeProcessingInitializeOnLoad (38ms)
				ProcessInitializeOnLoadAttributes (303ms)
				ProcessInitializeOnLoadMethodAttributes (14ms)
				AfterProcessingInitializeOnLoad (4ms)
				EditorAssembliesLoaded (0ms)
			ExecutionOrderSort2 (0ms)
			AwakeInstancesAfterBackupRestoration (4ms)
Platform modules already initialized, skipping
Refreshing native plugins compatible for Editor in 2.39 ms, found 3 plugins.
Preloading 0 native plugins for Editor in 0.00 ms.
Unloading 4595 Unused Serialized files (Serialized files now loaded: 0)
Unloading 33 unused Assets / (268.0 KB). Loaded Objects now: 5153.
Memory consumption went from 179.1 MB to 178.8 MB.
Total: 2.268000 ms (FindLiveObjects: 0.252400 ms CreateObjectMapping: 0.121200 ms MarkObjects: 1.788200 ms  DeleteObjects: 0.105400 ms)

AssetImportParameters requested are different than current active one (requested -> active):
  custom:video-decoder-ogg-theora: a1e56fd34408186e4bbccfd4996cb3dc -> 
  custom:container-muxer-webm: aa71ff27fc2769a1b78a27578f13a17b -> 
  custom:container-demuxer-webm: 4f35f7cbe854078d1ac9338744f61a02 -> 
  custom:video-encoder-webm-vp8: eb34c28f22e8b96e1ab97ce403110664 -> 
  custom:video-codec-MediaFoundation-h265: 746d11721c4dcdbdad8f713fa42b33f4 -> 
  custom:CustomObjectIndexerAttribute: bc11b3a6c3213fcdd17b65e7da85e133 -> 
  custom:audio-encoder-webm-vorbis: bf7c407c2cedff20999df2af8eb42d56 -> 
  custom:framework-win-MediaFoundation: 216162199b28c13a410421893ffa2e32 -> 
  custom:container-demuxer-ogg: 62fdf1f143b41e24485cea50d1cbac27 -> 
  custom:video-decoder-webm-vp8: 9c59270c3fd7afecdb556c50c9e8de78 -> 
  custom:audio-decoder-ogg-vorbis: bf7c407c2cedff20999df2af8eb42d56 -> 
========================================================================
Received Prepare
Registering precompiled user dll's ...
Registered in 0.006955 seconds.
Begin MonoManager ReloadAssembly
Symbol file LoadedFromMemory doesn't match image C:\Source\IT01GROUP\maxim evgenievich\Library\PackageCache\com.unity.visualscripting@1.8.0\Editor\VisualScripting.Core\Dependencies\YamlDotNet\Unity.VisualScripting.YamlDotNet.dll
Symbol file LoadedFromMemory doesn't match image C:\Source\IT01GROUP\maxim evgenievich\Library\PackageCache\com.unity.visualscripting@1.8.0\Editor\VisualScripting.Core\Dependencies\DotNetZip\Unity.VisualScripting.IonicZip.dll
Native extension for WindowsStandalone target not found
Native extension for Android target not found
Refreshing native plugins compatible for Editor in 1.36 ms, found 3 plugins.
Preloading 0 native plugins for Editor in 0.00 ms.
Mono: successfully reloaded assembly
- Completed reload, in  0.946 seconds
Domain Reload Profiling:
	ReloadAssembly (946ms)
		BeginReloadAssembly (112ms)
			ExecutionOrderSort (0ms)
			DisableScriptedObjects (3ms)
			BackupInstance (0ms)
			ReleaseScriptingObjects (0ms)
			CreateAndSetChildDomain (29ms)
		EndReloadAssembly (752ms)
			LoadAssemblies (82ms)
			RebuildTransferFunctionScriptingTraits (0ms)
			SetupTypeCache (214ms)
			ReleaseScriptCaches (1ms)
			RebuildScriptCaches (37ms)
			SetupLoadedEditorAssemblies (391ms)
				LogAssemblyErrors (0ms)
				InitializePlatformSupportModulesInManaged (16ms)
				SetLoadedEditorAssemblies (0ms)
				RefreshPlugins (1ms)
				BeforeProcessingInitializeOnLoad (39ms)
				ProcessInitializeOnLoadAttributes (318ms)
				ProcessInitializeOnLoadMethodAttributes (13ms)
				AfterProcessingInitializeOnLoad (4ms)
				EditorAssembliesLoaded (0ms)
			ExecutionOrderSort2 (0ms)
			AwakeInstancesAfterBackupRestoration (4ms)
Platform modules already initialized, skipping
Refreshing native plugins compatible for Editor in 3.03 ms, found 3 plugins.
Preloading 0 native plugins for Editor in 0.00 ms.
Unloading 4595 Unused Serialized files (Serialized files now loaded: 0)
Unloading 33 unused Assets / (267.0 KB). Loaded Objects now: 5156.
Memory consumption went from 179.1 MB to 178.8 MB.
Total: 2.257200 ms (FindLiveObjects: 0.225000 ms CreateObjectMapping: 0.118600 ms MarkObjects: 1.802700 ms  DeleteObjects: 0.109600 ms)

AssetImportParameters requested are different than current active one (requested -> active):
  custom:video-decoder-ogg-theora: a1e56fd34408186e4bbccfd4996cb3dc -> 
  custom:container-muxer-webm: aa71ff27fc2769a1b78a27578f13a17b -> 
  custom:container-demuxer-webm: 4f35f7cbe854078d1ac9338744f61a02 -> 
  custom:video-encoder-webm-vp8: eb34c28f22e8b96e1ab97ce403110664 -> 
  custom:video-codec-MediaFoundation-h265: 746d11721c4dcdbdad8f713fa42b33f4 -> 
  custom:CustomObjectIndexerAttribute: bc11b3a6c3213fcdd17b65e7da85e133 -> 
  custom:audio-encoder-webm-vorbis: bf7c407c2cedff20999df2af8eb42d56 -> 
  custom:framework-win-MediaFoundation: 216162199b28c13a410421893ffa2e32 -> 
  custom:container-demuxer-ogg: 62fdf1f143b41e24485cea50d1cbac27 -> 
  custom:video-decoder-webm-vp8: 9c59270c3fd7afecdb556c50c9e8de78 -> 
  custom:audio-decoder-ogg-vorbis: bf7c407c2cedff20999df2af8eb42d56 -> 
========================================================================
Received Import Request.
  Time since last request: 10336.896486 seconds.
  path: Assets/Invector-3rdPersonController/Basic Locomotion/HUD/guide-texts/Materials/50.mat
  artifactKey: Guid(57928c61a9fa660488b68a6aeb2b26d3) Importer(815301076,1909f56bfc062723c751e8b465ee728b)
Start importing Assets/Invector-3rdPersonController/Basic Locomotion/HUD/guide-texts/Materials/50.mat using Guid(57928c61a9fa660488b68a6aeb2b26d3) Importer(815301076,1909f56bfc062723c751e8b465ee728b)  -> (artifact id: '9e7d499cbc725d21d1351d090293f66c') in 0.145249 seconds 
========================================================================
Received Import Request.
  Time since last request: 0.000064 seconds.
  path: Assets/Invector-3rdPersonController/Basic Locomotion/HUD/guide-texts/Materials/crouch.mat
  artifactKey: Guid(f26ab3497b622db4f8bda2446e5e7e84) Importer(815301076,1909f56bfc062723c751e8b465ee728b)
Start importing Assets/Invector-3rdPersonController/Basic Locomotion/HUD/guide-texts/Materials/crouch.mat using Guid(f26ab3497b622db4f8bda2446e5e7e84) Importer(815301076,1909f56bfc062723c751e8b465ee728b)  -> (artifact id: 'bca6303a36fad349dab6c44be49f1fb5') in 0.029419 seconds 
========================================================================
Received Import Request.
  Time since last request: 0.000039 seconds.
  path: Assets/Invector-3rdPersonController/Shooter/Scripts/ArcherySystem/Animations/Materials/chrome.mat
  artifactKey: Guid(277812c0af1657044982f514815474b6) Importer(815301076,1909f56bfc062723c751e8b465ee728b)
Start importing Assets/Invector-3rdPersonController/Shooter/Scripts/ArcherySystem/Animations/Materials/chrome.mat using Guid(277812c0af1657044982f514815474b6) Importer(815301076,1909f56bfc062723c751e8b465ee728b)  -> (artifact id: '89724bbf38d2fa0e189285f64e559940') in 0.020111 seconds 
========================================================================
Received Import Request.
  Time since last request: 0.000021 seconds.
  path: Assets/Invector-3rdPersonController/Basic Locomotion/3D Models/Characters/Invector@V-Bot/Materials/base-2.mat
  artifactKey: Guid(7d8642d91e43fa94a9d7f13346d31d07) Importer(815301076,1909f56bfc062723c751e8b465ee728b)
Start importing Assets/Invector-3rdPersonController/Basic Locomotion/3D Models/Characters/Invector@V-Bot/Materials/base-2.mat using Guid(7d8642d91e43fa94a9d7f13346d31d07) Importer(815301076,1909f56bfc062723c751e8b465ee728b)  -> (artifact id: 'a4f2e8adfd662b4c2eed3dac827397b3') in 0.026850 seconds 
========================================================================
Received Import Request.
  Time since last request: 0.000022 seconds.
  path: Assets/Invector-3rdPersonController/Basic Locomotion/Resources/Materials/arrow.mat
  artifactKey: Guid(1ef312f4c8921c640b42824bb36e9ca2) Importer(815301076,1909f56bfc062723c751e8b465ee728b)
Start importing Assets/Invector-3rdPersonController/Basic Locomotion/Resources/Materials/arrow.mat using Guid(1ef312f4c8921c640b42824bb36e9ca2) Importer(815301076,1909f56bfc062723c751e8b465ee728b)  -> (artifact id: '529a93bc3d008522b40b82dd4bc1b421') in 0.028982 seconds 
========================================================================
Received Import Request.
  Time since last request: 0.000030 seconds.
  path: Assets/PolygonApocalypse/Prefabs/FX/Misc/Circle_Particle.mat
  artifactKey: Guid(f3053f8556ff7cf4fb59de5cf109104e) Importer(815301076,1909f56bfc062723c751e8b465ee728b)
Start importing Assets/PolygonApocalypse/Prefabs/FX/Misc/Circle_Particle.mat using Guid(f3053f8556ff7cf4fb59de5cf109104e) Importer(815301076,1909f56bfc062723c751e8b465ee728b)  -> (artifact id: '21a9111c213702fd0d6bc5ece5ef1266') in 0.015701 seconds 
========================================================================
Received Import Request.
  Time since last request: 0.000027 seconds.
  path: Assets/Invector-3rdPersonController/Melee Combat/3DModels/Other/SceneElements/arrow-decal 1.mat
  artifactKey: Guid(e1b79167355b1de4abd59d484b7ff867) Importer(815301076,1909f56bfc062723c751e8b465ee728b)
Start importing Assets/Invector-3rdPersonController/Melee Combat/3DModels/Other/SceneElements/arrow-decal 1.mat using Guid(e1b79167355b1de4abd59d484b7ff867) Importer(815301076,1909f56bfc062723c751e8b465ee728b)  -> (artifact id: '03306ca11dc4101438cca255fef76d7d') in 0.108033 seconds 
========================================================================
Received Import Request.
  Time since last request: 0.000039 seconds.
  path: Assets/PolygonHorrorCarnival/Models/SM_Building_Entrance_01.fbx
  artifactKey: Guid(f001dd952e5b7304687d7bbf2b542dcc) Importer(815301076,1909f56bfc062723c751e8b465ee728b)
Start importing Assets/PolygonHorrorCarnival/Models/SM_Building_Entrance_01.fbx using Guid(f001dd952e5b7304687d7bbf2b542dcc) Importer(815301076,1909f56bfc062723c751e8b465ee728b)  -> (artifact id: '636c67fca89a97c2fcffb855504c2856') in 0.068699 seconds 
========================================================================
Received Import Request.
  Time since last request: 0.000036 seconds.
  path: Assets/Invector-3rdPersonController/Basic Locomotion/3D Models/Others/basicSky.mat
  artifactKey: Guid(5c82f5860bd4ab14f9ee7842f7f7e6e2) Importer(815301076,1909f56bfc062723c751e8b465ee728b)
Start importing Assets/Invector-3rdPersonController/Basic Locomotion/3D Models/Others/basicSky.mat using Guid(5c82f5860bd4ab14f9ee7842f7f7e6e2) Importer(815301076,1909f56bfc062723c751e8b465ee728b)  -> (artifact id: '052a40583d91df9ebbe17ddb0807024e') in 0.086095 seconds 
========================================================================
Received Import Request.
  Time since last request: 0.000024 seconds.
  path: Assets/Invector-3rdPersonController/Basic Locomotion/3D Models/Textures/prototype_textures/blue_floor_Tiled 1.mat
  artifactKey: Guid(50379933e8dbabe4eb6d36e41aec0185) Importer(815301076,1909f56bfc062723c751e8b465ee728b)
Start importing Assets/Invector-3rdPersonController/Basic Locomotion/3D Models/Textures/prototype_textures/blue_floor_Tiled 1.mat using Guid(50379933e8dbabe4eb6d36e41aec0185) Importer(815301076,1909f56bfc062723c751e8b465ee728b)  -> (artifact id: '26c726dd83750e66701d920c12e92ec1') in 0.132165 seconds 
========================================================================
Received Import Request.
  Time since last request: 0.000028 seconds.
  path: Assets/PolygonHorrorCarnival/Models/SM_Prop_Crystal_Ball_01.fbx
  artifactKey: Guid(ec62d160e962b654d9c5c51614689746) Importer(815301076,1909f56bfc062723c751e8b465ee728b)
Start importing Assets/PolygonHorrorCarnival/Models/SM_Prop_Crystal_Ball_01.fbx using Guid(ec62d160e962b654d9c5c51614689746) Importer(815301076,1909f56bfc062723c751e8b465ee728b)  -> (artifact id: '35097951399b650df435e6e027a8c647') in 0.054990 seconds 
========================================================================
Received Import Request.
  Time since last request: 0.000044 seconds.
  path: Assets/Invector-3rdPersonController/Shooter/Scripts/DecalManager/BulletEffect/Resources/materials/ConcreteBits.mat
  artifactKey: Guid(6f459b82422631b4ca135687538f1b47) Importer(815301076,1909f56bfc062723c751e8b465ee728b)
Start importing Assets/Invector-3rdPersonController/Shooter/Scripts/DecalManager/BulletEffect/Resources/materials/ConcreteBits.mat using Guid(6f459b82422631b4ca135687538f1b47) Importer(815301076,1909f56bfc062723c751e8b465ee728b)  -> (artifact id: '836a25ced93e273dc72abb4875011120') in 0.015724 seconds 
========================================================================
Received Import Request.
  Time since last request: 0.000024 seconds.
  path: Assets/Invector-3rdPersonController/Basic Locomotion/3D Models/Characters/Invector@V-Bot/Materials/base-1.mat
  artifactKey: Guid(34a17f31ab0f061478a10cd279c11b45) Importer(815301076,1909f56bfc062723c751e8b465ee728b)
Start importing Assets/Invector-3rdPersonController/Basic Locomotion/3D Models/Characters/Invector@V-Bot/Materials/base-1.mat using Guid(34a17f31ab0f061478a10cd279c11b45) Importer(815301076,1909f56bfc062723c751e8b465ee728b)  -> (artifact id: '3ff273e406a79318e13bf914f653e13e') in 0.041461 seconds 
========================================================================
Received Import Request.
  Time since last request: 0.000029 seconds.
  path: Assets/PolygonHorrorCarnival/Materials/FX/Additive_Circle_02.mat
  artifactKey: Guid(12d7daa073229804cb0a6a6c47981cf1) Importer(815301076,1909f56bfc062723c751e8b465ee728b)
Start importing Assets/PolygonHorrorCarnival/Materials/FX/Additive_Circle_02.mat using Guid(12d7daa073229804cb0a6a6c47981cf1) Importer(815301076,1909f56bfc062723c751e8b465ee728b)  -> (artifact id: 'd0ce134ec2719dbc4cf259865ee2a965') in 0.015734 seconds 
========================================================================
Received Import Request.
  Time since last request: 0.000019 seconds.
  path: Assets/Invector-3rdPersonController/Basic Locomotion/3D Models/vOctagon/Materials/corner.mat
  artifactKey: Guid(f13bf5ff2d8ae294b9be80311a6ba72b) Importer(815301076,1909f56bfc062723c751e8b465ee728b)
Start importing Assets/Invector-3rdPersonController/Basic Locomotion/3D Models/vOctagon/Materials/corner.mat using Guid(f13bf5ff2d8ae294b9be80311a6ba72b) Importer(815301076,1909f56bfc062723c751e8b465ee728b)  -> (artifact id: 'a68b76bd1c972397e9fe2143dedc839b') in 0.016992 seconds 
========================================================================
Received Import Request.
  Time since last request: 0.000020 seconds.
  path: Assets/PolygonHorrorCarnival/Materials/FX/Additive_Circle_Glow_01.mat
  artifactKey: Guid(ce71ca777d5ab7d498d9931a529cd48b) Importer(815301076,1909f56bfc062723c751e8b465ee728b)
Start importing Assets/PolygonHorrorCarnival/Materials/FX/Additive_Circle_Glow_01.mat using Guid(ce71ca777d5ab7d498d9931a529cd48b) Importer(815301076,1909f56bfc062723c751e8b465ee728b)  -> (artifact id: '7b2b01d1177ddcebc076186031e98354') in 0.015712 seconds 
========================================================================
Received Import Request.
  Time since last request: 0.000022 seconds.
  path: Assets/Invector-3rdPersonController/Basic Locomotion/3D Models/Others/cube difuse.mat
  artifactKey: Guid(33ac8f6306630e44f821bb8ae4fcff46) Importer(815301076,1909f56bfc062723c751e8b465ee728b)
Start importing Assets/Invector-3rdPersonController/Basic Locomotion/3D Models/Others/cube difuse.mat using Guid(33ac8f6306630e44f821bb8ae4fcff46) Importer(815301076,1909f56bfc062723c751e8b465ee728b)  -> (artifact id: '4806adf7fb6276832a8be5cf81e6c9df') in 0.020400 seconds 
========================================================================
Received Import Request.
  Time since last request: 0.000020 seconds.
  path: Assets/Invector-3rdPersonController/Shooter/3DModels/Textures/VbotBlackShooterEdition/BlackShooterEdition/Body.mat
  artifactKey: Guid(d8bab0df5d3f0a045a31549c871c8e49) Importer(815301076,1909f56bfc062723c751e8b465ee728b)
Start importing Assets/Invector-3rdPersonController/Shooter/3DModels/Textures/VbotBlackShooterEdition/BlackShooterEdition/Body.mat using Guid(d8bab0df5d3f0a045a31549c871c8e49) Importer(815301076,1909f56bfc062723c751e8b465ee728b)  -> (artifact id: '25266d92495b400cc98c0788c77dee58') in 0.035153 seconds 
========================================================================
Received Import Request.
  Time since last request: 0.000028 seconds.
  path: Assets/Invector-3rdPersonController/Shooter/3DModels/Particles/Materials/aim.mat
  artifactKey: Guid(737e2b33512effa4ea9d3629163e9f83) Importer(815301076,1909f56bfc062723c751e8b465ee728b)
Start importing Assets/Invector-3rdPersonController/Shooter/3DModels/Particles/Materials/aim.mat using Guid(737e2b33512effa4ea9d3629163e9f83) Importer(815301076,1909f56bfc062723c751e8b465ee728b)  -> (artifact id: '17ca6bc65495e9dc121b39ba962fb501') in 0.111066 seconds 
========================================================================
Received Import Request.
  Time since last request: 0.000032 seconds.
  path: Assets/PolygonApocalypse/Models/Materials/Andrew_Rubble_01.mat
  artifactKey: Guid(a8d0c3b324fbb4448a7927e5a45c50b0) Importer(815301076,1909f56bfc062723c751e8b465ee728b)
Start importing Assets/PolygonApocalypse/Models/Materials/Andrew_Rubble_01.mat using Guid(a8d0c3b324fbb4448a7927e5a45c50b0) Importer(815301076,1909f56bfc062723c751e8b465ee728b)  -> (artifact id: '06f58ce47f92834bf4539efaece677cd') in 0.016960 seconds 
========================================================================
Received Import Request.
  Time since last request: 0.000055 seconds.
  path: Assets/Invector-3rdPersonController/Melee Combat/3DModels/vMeleeWeapons/vAxe/Materials/Axe_Material_07.mat
  artifactKey: Guid(6b469c656c8937f4d90b9d0c721702b8) Importer(815301076,1909f56bfc062723c751e8b465ee728b)
Start importing Assets/Invector-3rdPersonController/Melee Combat/3DModels/vMeleeWeapons/vAxe/Materials/Axe_Material_07.mat using Guid(6b469c656c8937f4d90b9d0c721702b8) Importer(815301076,1909f56bfc062723c751e8b465ee728b)  -> (artifact id: '40230a7187ff6226d25e5634dc904796') in 0.017993 seconds 
========================================================================
Received Import Request.
  Time since last request: 0.000026 seconds.
  path: Assets/PolygonCity/Materials/Billboard_Mat.mat
  artifactKey: Guid(53cf5c0ff424ff9458c56526516b63ec) Importer(815301076,1909f56bfc062723c751e8b465ee728b)
Start importing Assets/PolygonCity/Materials/Billboard_Mat.mat using Guid(53cf5c0ff424ff9458c56526516b63ec) Importer(815301076,1909f56bfc062723c751e8b465ee728b)  -> (artifact id: '74a29ab5c7f64e2ed45afea2a93bb7bb') in 0.018756 seconds 
========================================================================
Received Import Request.
  Time since last request: 0.000032 seconds.
  path: Assets/Invector-3rdPersonController/Melee Combat/3DModels/vMeleeWeapons/vAxe/Materials/Axe_Texture.mat
  artifactKey: Guid(a8cb5274004d1234c84a615858085f66) Importer(815301076,1909f56bfc062723c751e8b465ee728b)
Start importing Assets/Invector-3rdPersonController/Melee Combat/3DModels/vMeleeWeapons/vAxe/Materials/Axe_Texture.mat using Guid(a8cb5274004d1234c84a615858085f66) Importer(815301076,1909f56bfc062723c751e8b465ee728b)  -> (artifact id: 'd8a147755fa2c1141e2aee4f2a33e543') in 0.018895 seconds 
========================================================================
Received Import Request.
  Time since last request: 0.000031 seconds.
  path: Assets/Invector-3rdPersonController/Shooter/3DModels/Props/bullets/materials/bulletCollectable.mat
  artifactKey: Guid(e9bfd998f3f20bb40ac6c1f25bd49c7c) Importer(815301076,1909f56bfc062723c751e8b465ee728b)
Start importing Assets/Invector-3rdPersonController/Shooter/3DModels/Props/bullets/materials/bulletCollectable.mat using Guid(e9bfd998f3f20bb40ac6c1f25bd49c7c) Importer(815301076,1909f56bfc062723c751e8b465ee728b)  -> (artifact id: 'fc0d8be13f48fb9330a058d503335548') in 0.017079 seconds 
========================================================================
Received Import Request.
  Time since last request: 0.000032 seconds.
  path: Assets/Invector-3rdPersonController/Basic Locomotion/3D Models/Textures/prototype_textures/Materials/carbon.mat
  artifactKey: Guid(50ac9aaf650337544b871e557fa095ca) Importer(815301076,1909f56bfc062723c751e8b465ee728b)
Start importing Assets/Invector-3rdPersonController/Basic Locomotion/3D Models/Textures/prototype_textures/Materials/carbon.mat using Guid(50ac9aaf650337544b871e557fa095ca) Importer(815301076,1909f56bfc062723c751e8b465ee728b)  -> (artifact id: '20dd58eecee728330100dcc5906fd73e') in 0.029741 seconds 
========================================================================
Received Import Request.
  Time since last request: 0.000027 seconds.
  path: Assets/Invector-3rdPersonController/Shooter/3DModels/Particles/Materials/Bright_long.mat
  artifactKey: Guid(6db293de3dfbd2b44b78b174b89c48f7) Importer(815301076,1909f56bfc062723c751e8b465ee728b)
Start importing Assets/Invector-3rdPersonController/Shooter/3DModels/Particles/Materials/Bright_long.mat using Guid(6db293de3dfbd2b44b78b174b89c48f7) Importer(815301076,1909f56bfc062723c751e8b465ee728b)  -> (artifact id: '7290431a2e92b4dbb771a450883108f1') in 0.015394 seconds 
========================================================================
Received Import Request.
  Time since last request: 0.000031 seconds.
  path: Assets/PolygonHorrorCarnival/Materials/Decals/Decal_Handprint_01_A.mat
  artifactKey: Guid(8055db2e56fe4f0408544b9ed0c54731) Importer(815301076,1909f56bfc062723c751e8b465ee728b)
Start importing Assets/PolygonHorrorCarnival/Materials/Decals/Decal_Handprint_01_A.mat using Guid(8055db2e56fe4f0408544b9ed0c54731) Importer(815301076,1909f56bfc062723c751e8b465ee728b)  -> (artifact id: '96000959d07bda11edbe68e6a7f0eb38') in 0.039049 seconds 
========================================================================
Received Import Request.
  Time since last request: 0.000037 seconds.
  path: Assets/Invector-3rdPersonController/ItemManager/3D Models/Materials/collectable.mat
  artifactKey: Guid(1269a1be7cb02214e8d549f83a377132) Importer(815301076,1909f56bfc062723c751e8b465ee728b)
Start importing Assets/Invector-3rdPersonController/ItemManager/3D Models/Materials/collectable.mat using Guid(1269a1be7cb02214e8d549f83a377132) Importer(815301076,1909f56bfc062723c751e8b465ee728b)  -> (artifact id: '89f858b02537a340c14432d97d94a32e') in 0.017846 seconds 
========================================================================
Received Import Request.
  Time since last request: 0.000031 seconds.
  path: Assets/PolygonHorrorCarnival/Materials/Decals/Decal_Handprint_01_B.mat
  artifactKey: Guid(713f0a7c2277f4140bb31f4db303ffbf) Importer(815301076,1909f56bfc062723c751e8b465ee728b)
Start importing Assets/PolygonHorrorCarnival/Materials/Decals/Decal_Handprint_01_B.mat using Guid(713f0a7c2277f4140bb31f4db303ffbf) Importer(815301076,1909f56bfc062723c751e8b465ee728b)  -> (artifact id: 'd852bc9ac2376816b5e6eb9ce5e0b489') in 0.027883 seconds 
========================================================================
Received Import Request.
  Time since last request: 0.000023 seconds.
  path: Assets/PolygonHorrorCarnival/Materials/FX/Additive_Circle_05.mat
  artifactKey: Guid(720cce13f93a0f242b74a53fc897c73c) Importer(815301076,1909f56bfc062723c751e8b465ee728b)
Start importing Assets/PolygonHorrorCarnival/Materials/FX/Additive_Circle_05.mat using Guid(720cce13f93a0f242b74a53fc897c73c) Importer(815301076,1909f56bfc062723c751e8b465ee728b)  -> (artifact id: 'af31d5a07c81c861b4105e4168307f7e') in 0.016251 seconds 
========================================================================
Received Import Request.
  Time since last request: 0.000049 seconds.
  path: Assets/Invector-3rdPersonController/Shooter/Scripts/DecalManager/BulletEffect/Resources/materials/ConcreteChunk.mat
  artifactKey: Guid(2b711c6debaa29f4bb65bd179076ee17) Importer(815301076,1909f56bfc062723c751e8b465ee728b)
Start importing Assets/Invector-3rdPersonController/Shooter/Scripts/DecalManager/BulletEffect/Resources/materials/ConcreteChunk.mat using Guid(2b711c6debaa29f4bb65bd179076ee17) Importer(815301076,1909f56bfc062723c751e8b465ee728b)  -> (artifact id: 'af469af9dd8c762775914a865a17cf72') in 0.015644 seconds 
========================================================================
Received Import Request.
  Time since last request: 0.000027 seconds.
  path: Assets/Invector-3rdPersonController/Shooter/Scripts/ArcherySystem/Animations/Materials/base-2.mat
  artifactKey: Guid(04e2f2d874672da4db4d5edb5248d082) Importer(815301076,1909f56bfc062723c751e8b465ee728b)
Start importing Assets/Invector-3rdPersonController/Shooter/Scripts/ArcherySystem/Animations/Materials/base-2.mat using Guid(04e2f2d874672da4db4d5edb5248d082) Importer(815301076,1909f56bfc062723c751e8b465ee728b)  -> (artifact id: '490cefa97cd34eaf4e0d27f3b4bbf129') in 0.024242 seconds 
========================================================================
Received Import Request.
  Time since last request: 0.000035 seconds.
  path: Assets/PolygonHorrorCarnival/Materials/Decals/Board_01.mat
  artifactKey: Guid(e479aa812da7f654bb38c9b85a0fe2c6) Importer(815301076,1909f56bfc062723c751e8b465ee728b)
Start importing Assets/PolygonHorrorCarnival/Materials/Decals/Board_01.mat using Guid(e479aa812da7f654bb38c9b85a0fe2c6) Importer(815301076,1909f56bfc062723c751e8b465ee728b)  -> (artifact id: 'af9343a4bae9e83d512359ec5aaaa6b0') in 0.032294 seconds 
========================================================================
Received Import Request.
  Time since last request: 0.000025 seconds.
  path: Assets/PolygonHorrorCarnival/Materials/Decals/Decal_Footprints_01.mat
  artifactKey: Guid(fe8d22ae9489cca4dbe8d7641775f79b) Importer(815301076,1909f56bfc062723c751e8b465ee728b)
Start importing Assets/PolygonHorrorCarnival/Materials/Decals/Decal_Footprints_01.mat using Guid(fe8d22ae9489cca4dbe8d7641775f79b) Importer(815301076,1909f56bfc062723c751e8b465ee728b)  -> (artifact id: '3c9345d85272e6146455518612bb3ff7') in 0.036539 seconds 
========================================================================
Received Import Request.
  Time since last request: 0.000034 seconds.
  path: Assets/Invector-3rdPersonController/Shooter/3DModels/Props/Materials/brick_COLOR.mat
  artifactKey: Guid(1c053f2d496faf6408d3a0a79f6a24f5) Importer(815301076,1909f56bfc062723c751e8b465ee728b)
Start importing Assets/Invector-3rdPersonController/Shooter/3DModels/Props/Materials/brick_COLOR.mat using Guid(1c053f2d496faf6408d3a0a79f6a24f5) Importer(815301076,1909f56bfc062723c751e8b465ee728b)  -> (artifact id: '1173e0a73deeb988794f1a3f99015c1f') in 0.194186 seconds 
========================================================================
Received Import Request.
  Time since last request: 0.000038 seconds.
  path: Assets/Invector-3rdPersonController/Basic Locomotion/HUD/guide-texts/Materials/60.mat
  artifactKey: Guid(d9d20ea683682844287d1d50dfbf2572) Importer(815301076,1909f56bfc062723c751e8b465ee728b)
Start importing Assets/Invector-3rdPersonController/Basic Locomotion/HUD/guide-texts/Materials/60.mat using Guid(d9d20ea683682844287d1d50dfbf2572) Importer(815301076,1909f56bfc062723c751e8b465ee728b)  -> (artifact id: '8b98197aed64434dffcc377eed720370') in 0.029548 seconds 
========================================================================
Received Import Request.
  Time since last request: 0.000038 seconds.
  path: Assets/Invector-3rdPersonController/Shooter/Scripts/DecalManager/BulletEffect/Resources/materials/ConcreteSpray.mat
  artifactKey: Guid(512c171b22447fc45b0992eb8c1c2dbf) Importer(815301076,1909f56bfc062723c751e8b465ee728b)
Start importing Assets/Invector-3rdPersonController/Shooter/Scripts/DecalManager/BulletEffect/Resources/materials/ConcreteSpray.mat using Guid(512c171b22447fc45b0992eb8c1c2dbf) Importer(815301076,1909f56bfc062723c751e8b465ee728b)  -> (artifact id: '5259b962bd475e720401483ff8eb7ce7') in 0.012842 seconds 
========================================================================
Received Import Request.
  Time since last request: 0.000025 seconds.
  path: Assets/PolygonHorrorCarnival/Models/FX_Tumbleweed_01.fbx
  artifactKey: Guid(37a569cae43d4f642a6f32a04dea74a0) Importer(815301076,1909f56bfc062723c751e8b465ee728b)
Start importing Assets/PolygonHorrorCarnival/Models/FX_Tumbleweed_01.fbx using Guid(37a569cae43d4f642a6f32a04dea74a0) Importer(815301076,1909f56bfc062723c751e8b465ee728b)  -> (artifact id: 'b1400833599f644b374bd11005aff1ce') in 0.022099 seconds 
========================================================================
Received Import Request.
  Time since last request: 0.000063 seconds.
  path: Assets/PolygonHorrorCarnival/Materials/Decals/Decal_Footprints_02.mat
  artifactKey: Guid(7214c10fd04ceb9499c755f7cd749516) Importer(815301076,1909f56bfc062723c751e8b465ee728b)
Start importing Assets/PolygonHorrorCarnival/Materials/Decals/Decal_Footprints_02.mat using Guid(7214c10fd04ceb9499c755f7cd749516) Importer(815301076,1909f56bfc062723c751e8b465ee728b)  -> (artifact id: '60feaf09e0066b94231725a9e65bc04b') in 0.030794 seconds 
========================================================================
Received Import Request.
  Time since last request: 0.000060 seconds.
  path: Assets/Invector-3rdPersonController/Basic Locomotion/3D Models/Others/Materials/blue_door_simple.mat
  artifactKey: Guid(36f46cb6c3aa5b341af66d6edf02bca9) Importer(815301076,1909f56bfc062723c751e8b465ee728b)
Start importing Assets/Invector-3rdPersonController/Basic Locomotion/3D Models/Others/Materials/blue_door_simple.mat using Guid(36f46cb6c3aa5b341af66d6edf02bca9) Importer(815301076,1909f56bfc062723c751e8b465ee728b)  -> (artifact id: '290a11c0bc499eccaee31dcf3d6c19f8') in 0.025516 seconds 
========================================================================
Received Import Request.
  Time since last request: 0.000020 seconds.
  path: Assets/Invector-3rdPersonController/Shooter/Scripts/DecalManager/Textures/cement/Materials/cement_d.mat
  artifactKey: Guid(55ebf8fa5d37e8b44a498b2eda491094) Importer(815301076,1909f56bfc062723c751e8b465ee728b)
Start importing Assets/Invector-3rdPersonController/Shooter/Scripts/DecalManager/Textures/cement/Materials/cement_d.mat using Guid(55ebf8fa5d37e8b44a498b2eda491094) Importer(815301076,1909f56bfc062723c751e8b465ee728b)  -> (artifact id: '7c7914a42dcd224dc3fa4b77bb153aab') in 0.040280 seconds 
========================================================================
Received Import Request.
  Time since last request: 0.000021 seconds.
  path: Assets/PolygonHorrorCarnival/Materials/Misc/CrystalBall_01.mat
  artifactKey: Guid(3cb67bdeb5a5c3d4eb83fecdcc3098c8) Importer(815301076,1909f56bfc062723c751e8b465ee728b)
Start importing Assets/PolygonHorrorCarnival/Materials/Misc/CrystalBall_01.mat using Guid(3cb67bdeb5a5c3d4eb83fecdcc3098c8) Importer(815301076,1909f56bfc062723c751e8b465ee728b)  -> (artifact id: 'd1c311d2c16cc0e289d491045ce90953') in 0.025826 seconds 
Editor requested this worker to shutdown with reason: Scaling down because of idle timeout
AssetImportWorker is now disconnected from the server
Process exiting
Exiting without the bug reporter. Application will terminate with return code 0