Using pre-set license
Built from '2021.3/staging' branch; Version is '2021.3.29f1 (204d6dc9ae1c) revision 2116973'; Using compiler version '192829333'; Build Type 'Release'
OS: 'Windows 11  (10.0.22631) 64bit CoreSingleLanguage' Language: 'ru' Physical Memory: 16222 MB
BatchMode: 1, IsHumanControllingUs: 0, StartBugReporterOnCrash: 0, Is64bit: 1, IsPro: 1

COMMAND LINE ARGUMENTS:
C:\Program Files\Unity\Hub\Editor\2021.3.29f1\Editor\Unity.exe
-adb2
-batchMode
-noUpm
-name
AssetImportWorker1
-projectPath
G:/NEW GAME/maxim evgenievich
-logFile
Logs/AssetImportWorker1.log
-srvPort
62326
Successfully changed project path to: G:/NEW GAME/maxim evgenievich
G:/NEW GAME/maxim evgenievich
[UnityMemory] Configuration Parameters - Can be set up in boot.config
    "memorysetup-bucket-allocator-granularity=16"
    "memorysetup-bucket-allocator-bucket-count=8"
    "memorysetup-bucket-allocator-block-size=33554432"
    "memorysetup-bucket-allocator-block-count=8"
    "memorysetup-main-allocator-block-size=16777216"
    "memorysetup-thread-allocator-block-size=16777216"
    "memorysetup-gfx-main-allocator-block-size=16777216"
    "memorysetup-gfx-thread-allocator-block-size=16777216"
    "memorysetup-cache-allocator-block-size=4194304"
    "memorysetup-typetree-allocator-block-size=2097152"
    "memorysetup-profiler-bucket-allocator-granularity=16"
    "memorysetup-profiler-bucket-allocator-bucket-count=8"
    "memorysetup-profiler-bucket-allocator-block-size=33554432"
    "memorysetup-profiler-bucket-allocator-block-count=8"
    "memorysetup-profiler-allocator-block-size=16777216"
    "memorysetup-profiler-editor-allocator-block-size=1048576"
    "memorysetup-temp-allocator-size-main=16777216"
    "memorysetup-job-temp-allocator-block-size=2097152"
    "memorysetup-job-temp-allocator-block-size-background=1048576"
    "memorysetup-job-temp-allocator-reduction-small-platforms=262144"
    "memorysetup-temp-allocator-size-background-worker=32768"
    "memorysetup-temp-allocator-size-job-worker=262144"
    "memorysetup-temp-allocator-size-preload-manager=33554432"
    "memorysetup-temp-allocator-size-nav-mesh-worker=65536"
    "memorysetup-temp-allocator-size-audio-worker=65536"
    "memorysetup-temp-allocator-size-cloud-worker=32768"
    "memorysetup-temp-allocator-size-gi-baking-worker=262144"
    "memorysetup-temp-allocator-size-gfx=262144"
Player connection [20332] Host "[IP] 192.168.1.222 [Port] 0 [Flags] 2 [Guid] 417479285 [EditorId] 417479285 [Version] 1048832 [Id] WindowsEditor(7,Komapuk) [Debug] 1 [PackageName] WindowsEditor [ProjectName] Editor" joined multi-casting on [225.0.0.222:54997]...

Player connection [20332] Host "[IP] 192.168.1.222 [Port] 0 [Flags] 2 [Guid] 417479285 [EditorId] 417479285 [Version] 1048832 [Id] WindowsEditor(7,Komapuk) [Debug] 1 [PackageName] WindowsEditor [ProjectName] Editor" joined alternative multi-casting on [225.0.0.222:34997]...

Refreshing native plugins compatible for Editor in 130.59 ms, found 3 plugins.
Preloading 0 native plugins for Editor in 0.00 ms.
Initialize engine version: 2021.3.29f1 (204d6dc9ae1c)
[Subsystems] Discovering subsystems at path C:/Program Files/Unity/Hub/Editor/2021.3.29f1/Editor/Data/Resources/UnitySubsystems
[Subsystems] Discovering subsystems at path G:/NEW GAME/maxim evgenievich/Assets
GfxDevice: creating device client; threaded=0; jobified=0
Direct3D:
    Version:  Direct3D 11.0 [level 11.1]
    Renderer: NVIDIA GeForce RTX 3060 Ti (ID=0x24c9)
    Vendor:   NVIDIA
    VRAM:     8038 MB
    Driver:   31.0.15.4612
Initialize mono
Mono path[0] = 'C:/Program Files/Unity/Hub/Editor/2021.3.29f1/Editor/Data/Managed'
Mono path[1] = 'C:/Program Files/Unity/Hub/Editor/2021.3.29f1/Editor/Data/MonoBleedingEdge/lib/mono/unityjit-win32'
Mono config path = 'C:/Program Files/Unity/Hub/Editor/2021.3.29f1/Editor/Data/MonoBleedingEdge/etc'
Using monoOptions --debugger-agent=transport=dt_socket,embedding=1,server=y,suspend=n,address=127.0.0.1:56128
Begin MonoManager ReloadAssembly
Registering precompiled unity dll's ...
Register platform support module: C:/Program Files/Unity/Hub/Editor/2021.3.29f1/Editor/Data/PlaybackEngines/AndroidPlayer/UnityEditor.Android.Extensions.dll
Register platform support module: C:/Program Files/Unity/Hub/Editor/2021.3.29f1/Editor/Data/PlaybackEngines/WindowsStandaloneSupport/UnityEditor.WindowsStandalone.Extensions.dll
Registered in 0.003363 seconds.
Native extension for WindowsStandalone target not found
Native extension for Android target not found
Android Extension - Scanning For ADB Devices 215 ms
Refreshing native plugins compatible for Editor in 133.50 ms, found 3 plugins.
Preloading 0 native plugins for Editor in 0.00 ms.
Mono: successfully reloaded assembly
- Completed reload, in  0.907 seconds
Domain Reload Profiling:
	ReloadAssembly (908ms)
		BeginReloadAssembly (96ms)
			ExecutionOrderSort (0ms)
			DisableScriptedObjects (0ms)
			BackupInstance (0ms)
			ReleaseScriptingObjects (0ms)
			CreateAndSetChildDomain (1ms)
		EndReloadAssembly (722ms)
			LoadAssemblies (93ms)
			RebuildTransferFunctionScriptingTraits (0ms)
			SetupTypeCache (101ms)
			ReleaseScriptCaches (0ms)
			RebuildScriptCaches (22ms)
			SetupLoadedEditorAssemblies (551ms)
				LogAssemblyErrors (0ms)
				InitializePlatformSupportModulesInManaged (303ms)
				SetLoadedEditorAssemblies (0ms)
				RefreshPlugins (134ms)
				BeforeProcessingInitializeOnLoad (1ms)
				ProcessInitializeOnLoadAttributes (70ms)
				ProcessInitializeOnLoadMethodAttributes (43ms)
				AfterProcessingInitializeOnLoad (0ms)
				EditorAssembliesLoaded (0ms)
			ExecutionOrderSort2 (0ms)
			AwakeInstancesAfterBackupRestoration (0ms)
Platform modules already initialized, skipping
Registering precompiled user dll's ...
Registered in 0.004920 seconds.
Begin MonoManager ReloadAssembly
Symbol file LoadedFromMemory doesn't match image G:\NEW GAME\maxim evgenievich\Library\PackageCache\com.unity.visualscripting@1.8.0\Editor\VisualScripting.Core\Dependencies\YamlDotNet\Unity.VisualScripting.YamlDotNet.dll
Symbol file LoadedFromMemory doesn't match image G:\NEW GAME\maxim evgenievich\Library\PackageCache\com.unity.visualscripting@1.8.0\Editor\VisualScripting.Core\Dependencies\DotNetZip\Unity.VisualScripting.IonicZip.dll
Native extension for WindowsStandalone target not found
Native extension for Android target not found
Refreshing native plugins compatible for Editor in 1.41 ms, found 3 plugins.
Preloading 0 native plugins for Editor in 0.00 ms.
Mono: successfully reloaded assembly
- Completed reload, in  1.280 seconds
Domain Reload Profiling:
	ReloadAssembly (1281ms)
		BeginReloadAssembly (125ms)
			ExecutionOrderSort (0ms)
			DisableScriptedObjects (6ms)
			BackupInstance (0ms)
			ReleaseScriptingObjects (0ms)
			CreateAndSetChildDomain (17ms)
		EndReloadAssembly (1021ms)
			LoadAssemblies (98ms)
			RebuildTransferFunctionScriptingTraits (0ms)
			SetupTypeCache (261ms)
			ReleaseScriptCaches (1ms)
			RebuildScriptCaches (63ms)
			SetupLoadedEditorAssemblies (584ms)
				LogAssemblyErrors (0ms)
				InitializePlatformSupportModulesInManaged (19ms)
				SetLoadedEditorAssemblies (0ms)
				RefreshPlugins (1ms)
				BeforeProcessingInitializeOnLoad (65ms)
				ProcessInitializeOnLoadAttributes (475ms)
				ProcessInitializeOnLoadMethodAttributes (18ms)
				AfterProcessingInitializeOnLoad (4ms)
				EditorAssembliesLoaded (0ms)
			ExecutionOrderSort2 (0ms)
			AwakeInstancesAfterBackupRestoration (6ms)
Platform modules already initialized, skipping
========================================================================
Worker process is ready to serve import requests
Launched and connected shader compiler UnityShaderCompiler.exe after 0.09 seconds
Refreshing native plugins compatible for Editor in 2.81 ms, found 3 plugins.
Preloading 0 native plugins for Editor in 0.00 ms.
Unloading 4614 Unused Serialized files (Serialized files now loaded: 0)
Unloading 46 unused Assets / (293.5 KB). Loaded Objects now: 5140.
Memory consumption went from 168.7 MB to 168.4 MB.
Total: 4.500400 ms (FindLiveObjects: 0.520100 ms CreateObjectMapping: 0.323500 ms MarkObjects: 3.448700 ms  DeleteObjects: 0.206900 ms)

AssetImportParameters requested are different than current active one (requested -> active):
  custom:video-decoder-ogg-theora: a1e56fd34408186e4bbccfd4996cb3dc -> 
  custom:container-muxer-webm: aa71ff27fc2769a1b78a27578f13a17b -> 
  custom:container-demuxer-webm: 4f35f7cbe854078d1ac9338744f61a02 -> 
  custom:video-encoder-webm-vp8: eb34c28f22e8b96e1ab97ce403110664 -> 
  custom:video-codec-MediaFoundation-h265: 746d11721c4dcdbdad8f713fa42b33f4 -> 
  custom:CustomObjectIndexerAttribute: bc11b3a6c3213fcdd17b65e7da85e133 -> 
  custom:audio-encoder-webm-vorbis: bf7c407c2cedff20999df2af8eb42d56 -> 
  custom:framework-win-MediaFoundation: 216162199b28c13a410421893ffa2e32 -> 
  custom:container-demuxer-ogg: 62fdf1f143b41e24485cea50d1cbac27 -> 
  custom:video-decoder-webm-vp8: 9c59270c3fd7afecdb556c50c9e8de78 -> 
  custom:audio-decoder-ogg-vorbis: bf7c407c2cedff20999df2af8eb42d56 -> 
========================================================================
Received Import Request.
  Time since last request: 10447.422468 seconds.
  path: Assets/PolygonHorrorCarnival/Prefabs/FX/FX_Confetti_02.prefab
  artifactKey: Guid(d44d15fd632c6434196e5a5f466f37cf) Importer(815301076,1909f56bfc062723c751e8b465ee728b)
Start importing Assets/PolygonHorrorCarnival/Prefabs/FX/FX_Confetti_02.prefab using Guid(d44d15fd632c6434196e5a5f466f37cf) Importer(815301076,1909f56bfc062723c751e8b465ee728b)  -> (artifact id: 'abb0ed5ffe1a5eb3e346f5ca882f395a') in 0.321991 seconds 
========================================================================
Received Import Request.
  Time since last request: 548.624530 seconds.
  path: Assets/Invector-3rdPersonController/Melee Combat/Prefabs/Items/vHealthUp.prefab
  artifactKey: Guid(ece88c1afc659094e93bccace77fab7a) Importer(815301076,1909f56bfc062723c751e8b465ee728b)
Start importing Assets/Invector-3rdPersonController/Melee Combat/Prefabs/Items/vHealthUp.prefab using Guid(ece88c1afc659094e93bccace77fab7a) Importer(815301076,1909f56bfc062723c751e8b465ee728b)  -> (artifact id: '9d9c329a261ebad2cd61b2b6360eec8e') in 3.257349 seconds 
========================================================================
Received Import Request.
  Time since last request: 0.000021 seconds.
  path: Assets/Invector-3rdPersonController/Melee Combat/Prefabs/Items/vManaPotion.prefab
  artifactKey: Guid(439b229da101b06419a0a87e0f4cef84) Importer(815301076,1909f56bfc062723c751e8b465ee728b)
Start importing Assets/Invector-3rdPersonController/Melee Combat/Prefabs/Items/vManaPotion.prefab using Guid(439b229da101b06419a0a87e0f4cef84) Importer(815301076,1909f56bfc062723c751e8b465ee728b)  -> (artifact id: '421ac941c5088af227927bcfec9bbebf') in 0.102019 seconds 
========================================================================
Received Import Request.
  Time since last request: 2.432810 seconds.
  path: Assets/Invector-3rdPersonController/Basic Locomotion/3D Models/Animations/Ladder_Action_Animation_R.fbx
  artifactKey: Guid(a3fbbcc09ca525a4fb28ae4a2066ea11) Importer(815301076,1909f56bfc062723c751e8b465ee728b)
Start importing Assets/Invector-3rdPersonController/Basic Locomotion/3D Models/Animations/Ladder_Action_Animation_R.fbx using Guid(a3fbbcc09ca525a4fb28ae4a2066ea11) Importer(815301076,1909f56bfc062723c751e8b465ee728b)  -> (artifact id: '09dc193a4ca379f3daea304dc26cd060') in 0.892212 seconds 
========================================================================
Received Import Request.
  Time since last request: 0.000018 seconds.
  path: Assets/Invector-3rdPersonController/Basic Locomotion/Resources/ladderIcon.png
  artifactKey: Guid(0e747fba99f7f5b408f056d26d8d8301) Importer(815301076,1909f56bfc062723c751e8b465ee728b)
Start importing Assets/Invector-3rdPersonController/Basic Locomotion/Resources/ladderIcon.png using Guid(0e747fba99f7f5b408f056d26d8d8301) Importer(815301076,1909f56bfc062723c751e8b465ee728b)  -> (artifact id: '7499e14fcaeb35f5f8c32f7b01162879') in 0.148786 seconds 
========================================================================
Received Import Request.
  Time since last request: 0.000039 seconds.
  path: Assets/Invector-3rdPersonController/Basic Locomotion/3D Models/Others/Ladder.fbx
  artifactKey: Guid(73348b7adf3513e4a93a45f24402ef9b) Importer(815301076,1909f56bfc062723c751e8b465ee728b)
Start importing Assets/Invector-3rdPersonController/Basic Locomotion/3D Models/Others/Ladder.fbx using Guid(73348b7adf3513e4a93a45f24402ef9b) Importer(815301076,1909f56bfc062723c751e8b465ee728b)  -> (artifact id: 'b7854d58066f1cd28f9178dd69ac1d5b') in 0.557302 seconds 
========================================================================
Received Import Request.
  Time since last request: 0.000030 seconds.
  path: Assets/Invector-3rdPersonController/Basic Locomotion/3D Models/Textures/prototype_textures/Materials/ladder_Metal.mat
  artifactKey: Guid(2e23f77229be3224dbd1cd73d77ab2dc) Importer(815301076,1909f56bfc062723c751e8b465ee728b)
Start importing Assets/Invector-3rdPersonController/Basic Locomotion/3D Models/Textures/prototype_textures/Materials/ladder_Metal.mat using Guid(2e23f77229be3224dbd1cd73d77ab2dc) Importer(815301076,1909f56bfc062723c751e8b465ee728b)  -> (artifact id: '8fd0ec27eb732d055142b88963d8e634') in 0.197985 seconds 
========================================================================
Received Import Request.
  Time since last request: 0.000052 seconds.
  path: Assets/PolygonPrototype/Models/SM_Pawn_LadderClimb_Female_01.fbx
  artifactKey: Guid(9bb432d8f75ae8243be66730d3b8b95c) Importer(815301076,1909f56bfc062723c751e8b465ee728b)
Start importing Assets/PolygonPrototype/Models/SM_Pawn_LadderClimb_Female_01.fbx using Guid(9bb432d8f75ae8243be66730d3b8b95c) Importer(815301076,1909f56bfc062723c751e8b465ee728b)  -> (artifact id: '3e6de8b98c4442dfdb6c8530134edba0') in 0.067795 seconds 
========================================================================
Received Import Request.
  Time since last request: 0.000019 seconds.
  path: Assets/Invector-3rdPersonController/Basic Locomotion/3D Models/Animations/Basic_Actions.fbx
  artifactKey: Guid(5eaab4c94e2c4224dbde8bf202505a4f) Importer(815301076,1909f56bfc062723c751e8b465ee728b)
Start importing Assets/Invector-3rdPersonController/Basic Locomotion/3D Models/Animations/Basic_Actions.fbx using Guid(5eaab4c94e2c4224dbde8bf202505a4f) Importer(815301076,1909f56bfc062723c751e8b465ee728b)  -> (artifact id: '328ad6661f7790d3a25ee51de53200ba') in 0.350280 seconds 
========================================================================
Received Import Request.
  Time since last request: 0.000025 seconds.
  path: Assets/PolygonPrototype/Models/SM_Prop_Ladder_1x2_01.fbx
  artifactKey: Guid(a1b6d202fecdaca4fbb710d396ed5958) Importer(815301076,1909f56bfc062723c751e8b465ee728b)
Start importing Assets/PolygonPrototype/Models/SM_Prop_Ladder_1x2_01.fbx using Guid(a1b6d202fecdaca4fbb710d396ed5958) Importer(815301076,1909f56bfc062723c751e8b465ee728b)  -> (artifact id: 'f80c0d395248469a6abe99ec948fc592') in 0.210472 seconds 
========================================================================
Received Import Request.
  Time since last request: 0.000029 seconds.
  path: Assets/PolygonPrototype/Models/SM_Prop_Ladder_1x1_01P.fbx
  artifactKey: Guid(8556517e2473bd24eada55eb382de98c) Importer(815301076,1909f56bfc062723c751e8b465ee728b)
Start importing Assets/PolygonPrototype/Models/SM_Prop_Ladder_1x1_01P.fbx using Guid(8556517e2473bd24eada55eb382de98c) Importer(815301076,1909f56bfc062723c751e8b465ee728b)  -> (artifact id: '14eca586f2b92c39bfa07458604dbaca') in 0.218617 seconds 
========================================================================
Received Import Request.
  Time since last request: 0.000021 seconds.
  path: Assets/Invector-3rdPersonController/Basic Locomotion/3D Models/Others/Materials/Ladder_1.mat
  artifactKey: Guid(3dfffd5a5d9d6c747ba693ecf451d511) Importer(815301076,1909f56bfc062723c751e8b465ee728b)
Start importing Assets/Invector-3rdPersonController/Basic Locomotion/3D Models/Others/Materials/Ladder_1.mat using Guid(3dfffd5a5d9d6c747ba693ecf451d511) Importer(815301076,1909f56bfc062723c751e8b465ee728b)  -> (artifact id: '7af9176a094701c38d2a46e421a2a394') in 0.013732 seconds 
========================================================================
Received Import Request.
  Time since last request: 0.237707 seconds.
  path: Assets/PolygonPrototype/Models/SM_Prop_Ladder_1x4_01.fbx
  artifactKey: Guid(79f55cfd12578cc4686048b4d987b273) Importer(815301076,1909f56bfc062723c751e8b465ee728b)
Start importing Assets/PolygonPrototype/Models/SM_Prop_Ladder_1x4_01.fbx using Guid(79f55cfd12578cc4686048b4d987b273) Importer(815301076,1909f56bfc062723c751e8b465ee728b)  -> (artifact id: '270abc91c6b2bf2cef020531fabb04d2') in 0.226957 seconds 
========================================================================
Received Import Request.
  Time since last request: 0.083046 seconds.
  path: Assets/PolygonTown/Prefabs/Props/SM_Prop_Pool_Ladder_01.prefab
  artifactKey: Guid(7e749248262957e4b95fe3236a1f3b2d) Importer(815301076,1909f56bfc062723c751e8b465ee728b)
Start importing Assets/PolygonTown/Prefabs/Props/SM_Prop_Pool_Ladder_01.prefab using Guid(7e749248262957e4b95fe3236a1f3b2d) Importer(815301076,1909f56bfc062723c751e8b465ee728b)  -> (artifact id: 'b4b68e319cb6e3123b5769ce7792f59f') in 0.840550 seconds 
========================================================================
Received Import Request.
  Time since last request: 5.704348 seconds.
  path: Assets/PolygonTown/Prefabs/Props/SM_Prop_Pool_Ladder_02.prefab
  artifactKey: Guid(56846c54ea5c17d42a33b8612511caed) Importer(815301076,1909f56bfc062723c751e8b465ee728b)
Start importing Assets/PolygonTown/Prefabs/Props/SM_Prop_Pool_Ladder_02.prefab using Guid(56846c54ea5c17d42a33b8612511caed) Importer(815301076,1909f56bfc062723c751e8b465ee728b)  -> (artifact id: '87de850bdbd04ffaa08dcfdfc8ad6833') in 0.096491 seconds 
========================================================================
Received Import Request.
  Time since last request: 20.767578 seconds.
  path: Assets/Invector-3rdPersonController/Basic Locomotion/Prefabs/Others/TutorialTrigger.prefab
  artifactKey: Guid(ee6b6825a91ae674c9b5887384ed033c) Importer(815301076,1909f56bfc062723c751e8b465ee728b)
Start importing Assets/Invector-3rdPersonController/Basic Locomotion/Prefabs/Others/TutorialTrigger.prefab using Guid(ee6b6825a91ae674c9b5887384ed033c) Importer(815301076,1909f56bfc062723c751e8b465ee728b)  -> (artifact id: '6d267888bbf80615aeed7a5e287e37a0') in 0.930307 seconds 
========================================================================
Received Import Request.
  Time since last request: 9.597811 seconds.
  path: Assets/Invector-3rdPersonController/Basic Locomotion/Prefabs/Environment/SpikeWall_prefab.prefab
  artifactKey: Guid(86b7b86155d0cb343aef8fcf187f4783) Importer(815301076,1909f56bfc062723c751e8b465ee728b)
Start importing Assets/Invector-3rdPersonController/Basic Locomotion/Prefabs/Environment/SpikeWall_prefab.prefab using Guid(86b7b86155d0cb343aef8fcf187f4783) Importer(815301076,1909f56bfc062723c751e8b465ee728b)  -> (artifact id: 'bb944dcd30897cea59a5935c2e67e775') in 0.441198 seconds 
Editor requested this worker to shutdown with reason: Scaling down because of idle timeout
AssetImportWorker is now disconnected from the server
Process exiting
Exiting without the bug reporter. Application will terminate with return code 0