Using pre-set license
Built from '2021.3/staging' branch; Version is '2021.3.29f1 (204d6dc9ae1c) revision 2116973'; Using compiler version '192829333'; Build Type 'Release'
OS: 'Windows 11  (10.0.22631) 64bit CoreSingleLanguage' Language: 'ru' Physical Memory: 16222 MB
BatchMode: 1, IsHumanControllingUs: 0, StartBugReporterOnCrash: 0, Is64bit: 1, IsPro: 1

COMMAND LINE ARGUMENTS:
C:\Program Files\Unity\Hub\Editor\2021.3.29f1\Editor\Unity.exe
-adb2
-batchMode
-noUpm
-name
AssetImportWorker0
-projectPath
G:/NEW GAME/maxim evgenievich
-logFile
Logs/AssetImportWorker0.log
-srvPort
62326
Successfully changed project path to: G:/NEW GAME/maxim evgenievich
G:/NEW GAME/maxim evgenievich
[UnityMemory] Configuration Parameters - Can be set up in boot.config
    "memorysetup-bucket-allocator-granularity=16"
    "memorysetup-bucket-allocator-bucket-count=8"
    "memorysetup-bucket-allocator-block-size=33554432"
    "memorysetup-bucket-allocator-block-count=8"
    "memorysetup-main-allocator-block-size=16777216"
    "memorysetup-thread-allocator-block-size=16777216"
    "memorysetup-gfx-main-allocator-block-size=16777216"
    "memorysetup-gfx-thread-allocator-block-size=16777216"
    "memorysetup-cache-allocator-block-size=4194304"
    "memorysetup-typetree-allocator-block-size=2097152"
    "memorysetup-profiler-bucket-allocator-granularity=16"
    "memorysetup-profiler-bucket-allocator-bucket-count=8"
    "memorysetup-profiler-bucket-allocator-block-size=33554432"
    "memorysetup-profiler-bucket-allocator-block-count=8"
    "memorysetup-profiler-allocator-block-size=16777216"
    "memorysetup-profiler-editor-allocator-block-size=1048576"
    "memorysetup-temp-allocator-size-main=16777216"
    "memorysetup-job-temp-allocator-block-size=2097152"
    "memorysetup-job-temp-allocator-block-size-background=1048576"
    "memorysetup-job-temp-allocator-reduction-small-platforms=262144"
    "memorysetup-temp-allocator-size-background-worker=32768"
    "memorysetup-temp-allocator-size-job-worker=262144"
    "memorysetup-temp-allocator-size-preload-manager=33554432"
    "memorysetup-temp-allocator-size-nav-mesh-worker=65536"
    "memorysetup-temp-allocator-size-audio-worker=65536"
    "memorysetup-temp-allocator-size-cloud-worker=32768"
    "memorysetup-temp-allocator-size-gi-baking-worker=262144"
    "memorysetup-temp-allocator-size-gfx=262144"
Player connection [16848] Host "[IP] 192.168.1.222 [Port] 0 [Flags] 2 [Guid] 2916167702 [EditorId] 2916167702 [Version] 1048832 [Id] WindowsEditor(7,Komapuk) [Debug] 1 [PackageName] WindowsEditor [ProjectName] Editor" joined multi-casting on [225.0.0.222:54997]...

Player connection [16848] Host "[IP] 192.168.1.222 [Port] 0 [Flags] 2 [Guid] 2916167702 [EditorId] 2916167702 [Version] 1048832 [Id] WindowsEditor(7,Komapuk) [Debug] 1 [PackageName] WindowsEditor [ProjectName] Editor" joined alternative multi-casting on [225.0.0.222:34997]...

Refreshing native plugins compatible for Editor in 130.66 ms, found 3 plugins.
Preloading 0 native plugins for Editor in 0.00 ms.
Initialize engine version: 2021.3.29f1 (204d6dc9ae1c)
[Subsystems] Discovering subsystems at path C:/Program Files/Unity/Hub/Editor/2021.3.29f1/Editor/Data/Resources/UnitySubsystems
[Subsystems] Discovering subsystems at path G:/NEW GAME/maxim evgenievich/Assets
GfxDevice: creating device client; threaded=0; jobified=0
Direct3D:
    Version:  Direct3D 11.0 [level 11.1]
    Renderer: NVIDIA GeForce RTX 3060 Ti (ID=0x24c9)
    Vendor:   NVIDIA
    VRAM:     8038 MB
    Driver:   31.0.15.4612
Initialize mono
Mono path[0] = 'C:/Program Files/Unity/Hub/Editor/2021.3.29f1/Editor/Data/Managed'
Mono path[1] = 'C:/Program Files/Unity/Hub/Editor/2021.3.29f1/Editor/Data/MonoBleedingEdge/lib/mono/unityjit-win32'
Mono config path = 'C:/Program Files/Unity/Hub/Editor/2021.3.29f1/Editor/Data/MonoBleedingEdge/etc'
Using monoOptions --debugger-agent=transport=dt_socket,embedding=1,server=y,suspend=n,address=127.0.0.1:56984
Begin MonoManager ReloadAssembly
Registering precompiled unity dll's ...
Register platform support module: C:/Program Files/Unity/Hub/Editor/2021.3.29f1/Editor/Data/PlaybackEngines/AndroidPlayer/UnityEditor.Android.Extensions.dll
Register platform support module: C:/Program Files/Unity/Hub/Editor/2021.3.29f1/Editor/Data/PlaybackEngines/WindowsStandaloneSupport/UnityEditor.WindowsStandalone.Extensions.dll
Registered in 0.004975 seconds.
Native extension for WindowsStandalone target not found
Native extension for Android target not found
Android Extension - Scanning For ADB Devices 230 ms
Refreshing native plugins compatible for Editor in 136.73 ms, found 3 plugins.
Preloading 0 native plugins for Editor in 0.00 ms.
Mono: successfully reloaded assembly
- Completed reload, in  0.920 seconds
Domain Reload Profiling:
	ReloadAssembly (921ms)
		BeginReloadAssembly (78ms)
			ExecutionOrderSort (0ms)
			DisableScriptedObjects (0ms)
			BackupInstance (0ms)
			ReleaseScriptingObjects (0ms)
			CreateAndSetChildDomain (1ms)
		EndReloadAssembly (755ms)
			LoadAssemblies (77ms)
			RebuildTransferFunctionScriptingTraits (0ms)
			SetupTypeCache (113ms)
			ReleaseScriptCaches (0ms)
			RebuildScriptCaches (23ms)
			SetupLoadedEditorAssemblies (574ms)
				LogAssemblyErrors (0ms)
				InitializePlatformSupportModulesInManaged (318ms)
				SetLoadedEditorAssemblies (0ms)
				RefreshPlugins (137ms)
				BeforeProcessingInitializeOnLoad (1ms)
				ProcessInitializeOnLoadAttributes (79ms)
				ProcessInitializeOnLoadMethodAttributes (39ms)
				AfterProcessingInitializeOnLoad (0ms)
				EditorAssembliesLoaded (0ms)
			ExecutionOrderSort2 (0ms)
			AwakeInstancesAfterBackupRestoration (0ms)
Platform modules already initialized, skipping
Registering precompiled user dll's ...
Registered in 0.004943 seconds.
Begin MonoManager ReloadAssembly
Symbol file LoadedFromMemory doesn't match image G:\NEW GAME\maxim evgenievich\Library\PackageCache\com.unity.visualscripting@1.8.0\Editor\VisualScripting.Core\Dependencies\YamlDotNet\Unity.VisualScripting.YamlDotNet.dll
Symbol file LoadedFromMemory doesn't match image G:\NEW GAME\maxim evgenievich\Library\PackageCache\com.unity.visualscripting@1.8.0\Editor\VisualScripting.Core\Dependencies\DotNetZip\Unity.VisualScripting.IonicZip.dll
Native extension for WindowsStandalone target not found
Native extension for Android target not found
Refreshing native plugins compatible for Editor in 1.83 ms, found 3 plugins.
Preloading 0 native plugins for Editor in 0.00 ms.
Mono: successfully reloaded assembly
- Completed reload, in  1.261 seconds
Domain Reload Profiling:
	ReloadAssembly (1262ms)
		BeginReloadAssembly (148ms)
			ExecutionOrderSort (0ms)
			DisableScriptedObjects (7ms)
			BackupInstance (0ms)
			ReleaseScriptingObjects (0ms)
			CreateAndSetChildDomain (30ms)
		EndReloadAssembly (1011ms)
			LoadAssemblies (96ms)
			RebuildTransferFunctionScriptingTraits (0ms)
			SetupTypeCache (258ms)
			ReleaseScriptCaches (1ms)
			RebuildScriptCaches (60ms)
			SetupLoadedEditorAssemblies (585ms)
				LogAssemblyErrors (0ms)
				InitializePlatformSupportModulesInManaged (17ms)
				SetLoadedEditorAssemblies (0ms)
				RefreshPlugins (2ms)
				BeforeProcessingInitializeOnLoad (62ms)
				ProcessInitializeOnLoadAttributes (478ms)
				ProcessInitializeOnLoadMethodAttributes (20ms)
				AfterProcessingInitializeOnLoad (5ms)
				EditorAssembliesLoaded (0ms)
			ExecutionOrderSort2 (0ms)
			AwakeInstancesAfterBackupRestoration (6ms)
Platform modules already initialized, skipping
========================================================================
Worker process is ready to serve import requests
Launched and connected shader compiler UnityShaderCompiler.exe after 0.06 seconds
Refreshing native plugins compatible for Editor in 1.83 ms, found 3 plugins.
Preloading 0 native plugins for Editor in 0.00 ms.
Unloading 4614 Unused Serialized files (Serialized files now loaded: 0)
Unloading 46 unused Assets / (293.5 KB). Loaded Objects now: 5140.
Memory consumption went from 168.7 MB to 168.4 MB.
Total: 2.384000 ms (FindLiveObjects: 0.269800 ms CreateObjectMapping: 0.126800 ms MarkObjects: 1.855800 ms  DeleteObjects: 0.130500 ms)

AssetImportParameters requested are different than current active one (requested -> active):
  custom:video-decoder-ogg-theora: a1e56fd34408186e4bbccfd4996cb3dc -> 
  custom:container-muxer-webm: aa71ff27fc2769a1b78a27578f13a17b -> 
  custom:container-demuxer-webm: 4f35f7cbe854078d1ac9338744f61a02 -> 
  custom:video-encoder-webm-vp8: eb34c28f22e8b96e1ab97ce403110664 -> 
  custom:video-codec-MediaFoundation-h265: 746d11721c4dcdbdad8f713fa42b33f4 -> 
  custom:CustomObjectIndexerAttribute: bc11b3a6c3213fcdd17b65e7da85e133 -> 
  custom:audio-encoder-webm-vorbis: bf7c407c2cedff20999df2af8eb42d56 -> 
  custom:framework-win-MediaFoundation: 216162199b28c13a410421893ffa2e32 -> 
  custom:container-demuxer-ogg: 62fdf1f143b41e24485cea50d1cbac27 -> 
  custom:video-decoder-webm-vp8: 9c59270c3fd7afecdb556c50c9e8de78 -> 
  custom:audio-decoder-ogg-vorbis: bf7c407c2cedff20999df2af8eb42d56 -> 
========================================================================
Received Import Request.
  Time since last request: 10447.458696 seconds.
  path: Assets/PolygonHorrorCarnival/Prefabs/FX/FX_Blood_Dripping_01.prefab
  artifactKey: Guid(37a15e7bfd772ef4f83e329663d51cec) Importer(815301076,1909f56bfc062723c751e8b465ee728b)
Start importing Assets/PolygonHorrorCarnival/Prefabs/FX/FX_Blood_Dripping_01.prefab using Guid(37a15e7bfd772ef4f83e329663d51cec) Importer(815301076,1909f56bfc062723c751e8b465ee728b)  -> (artifact id: '42b0b4ad1d77124cc351334814737bbd') in 0.200232 seconds 
========================================================================
Received Import Request.
  Time since last request: 0.000028 seconds.
  path: Assets/PolygonHorrorCarnival/Prefabs/FX/FX_Blood_Dripping_Wall_01.prefab
  artifactKey: Guid(e235723dbbdc45040a359b0087f9490f) Importer(815301076,1909f56bfc062723c751e8b465ee728b)
Start importing Assets/PolygonHorrorCarnival/Prefabs/FX/FX_Blood_Dripping_Wall_01.prefab using Guid(e235723dbbdc45040a359b0087f9490f) Importer(815301076,1909f56bfc062723c751e8b465ee728b)  -> (artifact id: '881bf1464c227f5d4fea97721c115737') in 0.024397 seconds 
========================================================================
Received Import Request.
  Time since last request: 538.672264 seconds.
  path: Assets/Invector-3rdPersonController/Melee Combat
  artifactKey: Guid(e8c1c67771d6a9c4face452e7c103784) Importer(815301076,1909f56bfc062723c751e8b465ee728b)
Start importing Assets/Invector-3rdPersonController/Melee Combat using Guid(e8c1c67771d6a9c4face452e7c103784) Importer(815301076,1909f56bfc062723c751e8b465ee728b)  -> (artifact id: 'f2ad8b8a40735f7e523286c99507aa7e') in 0.026843 seconds 
========================================================================
Received Import Request.
  Time since last request: 1.644829 seconds.
  path: Assets/Invector-3rdPersonController/Melee Combat/Prefabs
  artifactKey: Guid(abe29590985a9774dbfd9f21b03587b4) Importer(815301076,1909f56bfc062723c751e8b465ee728b)
Start importing Assets/Invector-3rdPersonController/Melee Combat/Prefabs using Guid(abe29590985a9774dbfd9f21b03587b4) Importer(815301076,1909f56bfc062723c751e8b465ee728b)  -> (artifact id: '5dd5dd8f6ce09e7500d017d6e4a9ef29') in 0.011092 seconds 
========================================================================
Received Import Request.
  Time since last request: 2.301866 seconds.
  path: Assets/Invector-3rdPersonController/Melee Combat/Prefabs/Environment
  artifactKey: Guid(f60c3afc6658b324381d6cb9a97ebc67) Importer(815301076,1909f56bfc062723c751e8b465ee728b)
Start importing Assets/Invector-3rdPersonController/Melee Combat/Prefabs/Environment using Guid(f60c3afc6658b324381d6cb9a97ebc67) Importer(815301076,1909f56bfc062723c751e8b465ee728b)  -> (artifact id: 'f864b0925f85864bd4ab510e60914b8a') in 0.008088 seconds 
========================================================================
Received Import Request.
  Time since last request: 5.766432 seconds.
  path: Assets/Invector-3rdPersonController/Melee Combat/Prefabs/Items
  artifactKey: Guid(7ec3b3845fc0d6247afd796594fe1beb) Importer(815301076,1909f56bfc062723c751e8b465ee728b)
Start importing Assets/Invector-3rdPersonController/Melee Combat/Prefabs/Items using Guid(7ec3b3845fc0d6247afd796594fe1beb) Importer(815301076,1909f56bfc062723c751e8b465ee728b)  -> (artifact id: 'ce8dbf924b3bf33dfa9bc982973ad605') in 0.008038 seconds 
========================================================================
Received Import Request.
  Time since last request: 0.115771 seconds.
  path: Assets/Invector-3rdPersonController/Melee Combat/Prefabs/Items/vHealthPotion.prefab
  artifactKey: Guid(8bbf808ac1be0f84ab505cfdb9eb83b4) Importer(815301076,1909f56bfc062723c751e8b465ee728b)
Start importing Assets/Invector-3rdPersonController/Melee Combat/Prefabs/Items/vHealthPotion.prefab using Guid(8bbf808ac1be0f84ab505cfdb9eb83b4) Importer(815301076,1909f56bfc062723c751e8b465ee728b)  -> (artifact id: '7ccbc98e649a23b0de57b643eeb0d301') in 3.280937 seconds 
========================================================================
Received Import Request.
  Time since last request: 2.536475 seconds.
  path: Assets/Invector-3rdPersonController/Basic Locomotion/3D Models/Animations/Ladder_Action_Animation_L.fbx
  artifactKey: Guid(38141b57aad88e74da415dd92083b9de) Importer(815301076,1909f56bfc062723c751e8b465ee728b)
Start importing Assets/Invector-3rdPersonController/Basic Locomotion/3D Models/Animations/Ladder_Action_Animation_L.fbx using Guid(38141b57aad88e74da415dd92083b9de) Importer(815301076,1909f56bfc062723c751e8b465ee728b)  -> (artifact id: '1630e07d450d06c6d5815fc2db2e448b') in 0.793164 seconds 
========================================================================
Received Import Request.
  Time since last request: 0.000026 seconds.
  path: Assets/Invector-3rdPersonController/Basic Locomotion/3D Models/Textures/prototype_textures/Materials/ladder_chromo.mat
  artifactKey: Guid(b2b10d5d20df19c4095609048c3bec10) Importer(815301076,1909f56bfc062723c751e8b465ee728b)
Start importing Assets/Invector-3rdPersonController/Basic Locomotion/3D Models/Textures/prototype_textures/Materials/ladder_chromo.mat using Guid(b2b10d5d20df19c4095609048c3bec10) Importer(815301076,1909f56bfc062723c751e8b465ee728b)  -> (artifact id: 'ba03d165b8dfada55650a5db6647e53e') in 0.104056 seconds 
========================================================================
Received Import Request.
  Time since last request: 0.000029 seconds.
  path: Assets/PolygonPrototype/Models/SM_Pawn_LadderClimb_Male_01.fbx
  artifactKey: Guid(ab123f54b72fda94ea5187d8d193da6f) Importer(815301076,1909f56bfc062723c751e8b465ee728b)
Start importing Assets/PolygonPrototype/Models/SM_Pawn_LadderClimb_Male_01.fbx using Guid(ab123f54b72fda94ea5187d8d193da6f) Importer(815301076,1909f56bfc062723c751e8b465ee728b)  -> (artifact id: '1e0dcd2d2ad007189a868d35223bd024') in 0.151109 seconds 
========================================================================
Received Import Request.
  Time since last request: 0.000017 seconds.
  path: Assets/PolygonTown/Prefabs/Props/SM_Prop_Ladder_01.prefab
  artifactKey: Guid(eeb3e4ae305605547bcfc51dd455b6e8) Importer(815301076,1909f56bfc062723c751e8b465ee728b)
Start importing Assets/PolygonTown/Prefabs/Props/SM_Prop_Ladder_01.prefab using Guid(eeb3e4ae305605547bcfc51dd455b6e8) Importer(815301076,1909f56bfc062723c751e8b465ee728b)  -> (artifact id: '54498549710b14aa277ddb4cee15187d') in 0.815153 seconds 
========================================================================
Received Import Request.
  Time since last request: 0.000022 seconds.
  path: Assets/PolygonTown/Models/Props/SM_Prop_Ladder_01.fbx
  artifactKey: Guid(2fcc4c59a4e2717428bbf72e51f386f7) Importer(815301076,1909f56bfc062723c751e8b465ee728b)
Start importing Assets/PolygonTown/Models/Props/SM_Prop_Ladder_01.fbx using Guid(2fcc4c59a4e2717428bbf72e51f386f7) Importer(815301076,1909f56bfc062723c751e8b465ee728b)  -> (artifact id: '0801ca0c13260a310a07cc6cd8c5a779') in 0.016419 seconds 
========================================================================
Received Import Request.
  Time since last request: 0.000035 seconds.
  path: Assets/PolygonPrototype/Models/SM_Prop_Ladder_1x1_01.fbx
  artifactKey: Guid(6b3b1378d3d1dda4787c0dff0a4902dc) Importer(815301076,1909f56bfc062723c751e8b465ee728b)
Start importing Assets/PolygonPrototype/Models/SM_Prop_Ladder_1x1_01.fbx using Guid(6b3b1378d3d1dda4787c0dff0a4902dc) Importer(815301076,1909f56bfc062723c751e8b465ee728b)  -> (artifact id: '3f2b70040a46411bc49b89541550d348') in 0.249809 seconds 
========================================================================
Received Import Request.
  Time since last request: 0.000022 seconds.
  path: Assets/Invector-3rdPersonController/Basic Locomotion/3D Models/Animations/VbotLadderSlide.fbx
  artifactKey: Guid(c3a1832fc34384546a0023f184c00755) Importer(815301076,1909f56bfc062723c751e8b465ee728b)
Start importing Assets/Invector-3rdPersonController/Basic Locomotion/3D Models/Animations/VbotLadderSlide.fbx using Guid(c3a1832fc34384546a0023f184c00755) Importer(815301076,1909f56bfc062723c751e8b465ee728b)  -> (artifact id: '4aeaa8518d259cde0404728f80c47f32') in 0.595096 seconds 
========================================================================
Received Import Request.
  Time since last request: 0.000039 seconds.
  path: Assets/Invector-3rdPersonController/Basic Locomotion/3D Models/Others/Materials/Ladder_2.mat
  artifactKey: Guid(9a47f97112907c14c922c5f56fc6f87a) Importer(815301076,1909f56bfc062723c751e8b465ee728b)
Start importing Assets/Invector-3rdPersonController/Basic Locomotion/3D Models/Others/Materials/Ladder_2.mat using Guid(9a47f97112907c14c922c5f56fc6f87a) Importer(815301076,1909f56bfc062723c751e8b465ee728b)  -> (artifact id: 'f0bc8c0ecb4a048009a2d0d58f5822ee') in 0.014960 seconds 
========================================================================
Received Import Request.
  Time since last request: 0.093384 seconds.
  path: Assets/PolygonPrototype/Models/SM_Prop_Ladder_1x2_01P.fbx
  artifactKey: Guid(6f6add5573457ac4d8175444e277e376) Importer(815301076,1909f56bfc062723c751e8b465ee728b)
Start importing Assets/PolygonPrototype/Models/SM_Prop_Ladder_1x2_01P.fbx using Guid(6f6add5573457ac4d8175444e277e376) Importer(815301076,1909f56bfc062723c751e8b465ee728b)  -> (artifact id: '35d6262ac5a3202939d0d5624c38fc43') in 0.241009 seconds 
========================================================================
Received Import Request.
  Time since last request: 0.219277 seconds.
  path: Assets/PolygonPrototype/Models/SM_Prop_Ladder_1x4_01P.fbx
  artifactKey: Guid(d02d752f3b7ea7a4eb2fb7f4aedcd085) Importer(815301076,1909f56bfc062723c751e8b465ee728b)
Start importing Assets/PolygonPrototype/Models/SM_Prop_Ladder_1x4_01P.fbx using Guid(d02d752f3b7ea7a4eb2fb7f4aedcd085) Importer(815301076,1909f56bfc062723c751e8b465ee728b)  -> (artifact id: 'e00805028bdfaecfe7aab9623fbdcb1c') in 0.826592 seconds 
========================================================================
Received Import Request.
  Time since last request: 5.712818 seconds.
  path: Assets/PolygonTown/Models/Props/SM_Prop_Pool_Ladder_02.fbx
  artifactKey: Guid(8f1400c9977896449b534c9d8e58dc19) Importer(815301076,1909f56bfc062723c751e8b465ee728b)
Start importing Assets/PolygonTown/Models/Props/SM_Prop_Pool_Ladder_02.fbx using Guid(8f1400c9977896449b534c9d8e58dc19) Importer(815301076,1909f56bfc062723c751e8b465ee728b)  -> (artifact id: 'fef1523aba254392113c80f7c7210695') in 0.094117 seconds 
========================================================================
Received Import Request.
  Time since last request: 18.072948 seconds.
  path: Assets/Invector-3rdPersonController/Basic Locomotion/Prefabs/vBasicController_Template.prefab
  artifactKey: Guid(ada54f2848144624d9c179056240d24f) Importer(815301076,1909f56bfc062723c751e8b465ee728b)
Start importing Assets/Invector-3rdPersonController/Basic Locomotion/Prefabs/vBasicController_Template.prefab using Guid(ada54f2848144624d9c179056240d24f) Importer(815301076,1909f56bfc062723c751e8b465ee728b)  -> (artifact id: 'fc7d0df56e3d1cee27501cdd175c2ddc') in 1.025368 seconds 
========================================================================
Received Import Request.
  Time since last request: 0.331620 seconds.
  path: Assets/Invector-3rdPersonController/Basic Locomotion/Prefabs/Others
  artifactKey: Guid(4ecfabc0b7d69f049aeace5498d2c280) Importer(815301076,1909f56bfc062723c751e8b465ee728b)
Start importing Assets/Invector-3rdPersonController/Basic Locomotion/Prefabs/Others using Guid(4ecfabc0b7d69f049aeace5498d2c280) Importer(815301076,1909f56bfc062723c751e8b465ee728b)  -> (artifact id: 'ca3fcc92fabb64c8e42cdb492f9659fa') in 0.305234 seconds 
========================================================================
Received Import Request.
  Time since last request: 0.015909 seconds.
  path: Assets/Invector-3rdPersonController/Basic Locomotion/Prefabs/Others/TutorialCanvas.prefab
  artifactKey: Guid(c72b499180e652f48a457038004e9e5d) Importer(815301076,1909f56bfc062723c751e8b465ee728b)
Start importing Assets/Invector-3rdPersonController/Basic Locomotion/Prefabs/Others/TutorialCanvas.prefab using Guid(c72b499180e652f48a457038004e9e5d) Importer(815301076,1909f56bfc062723c751e8b465ee728b)  -> (artifact id: '08047b1cb6cdd636d1cca484b2fccd64') in 0.149933 seconds 
========================================================================
Received Import Request.
  Time since last request: 10.449471 seconds.
  path: Assets/Invector-3rdPersonController/Basic Locomotion/Prefabs/Environment/SpikeFloor_prefab.prefab
  artifactKey: Guid(3d4c9461e398e424093ea8c18e8192ff) Importer(815301076,1909f56bfc062723c751e8b465ee728b)
Start importing Assets/Invector-3rdPersonController/Basic Locomotion/Prefabs/Environment/SpikeFloor_prefab.prefab using Guid(3d4c9461e398e424093ea8c18e8192ff) Importer(815301076,1909f56bfc062723c751e8b465ee728b)  -> (artifact id: '2cc9c1a237af04b60bc5b7c82d387175') in 0.495813 seconds 
========================================================================
Received Import Request.
  Time since last request: 277.771653 seconds.
  path: Assets/Invector-3rdPersonController/Melee Combat/Prefabs/Weapons/SwordV_short.prefab
  artifactKey: Guid(5dc53aa14e78ec54fbf2281c1abb7f47) Importer(815301076,1909f56bfc062723c751e8b465ee728b)
Start importing Assets/Invector-3rdPersonController/Melee Combat/Prefabs/Weapons/SwordV_short.prefab using Guid(5dc53aa14e78ec54fbf2281c1abb7f47) Importer(815301076,1909f56bfc062723c751e8b465ee728b)  -> (artifact id: '1fbe34faf7915687841643381e704bfc') in 0.049193 seconds 
========================================================================
Received Import Request.
  Time since last request: 0.000036 seconds.
  path: Assets/Invector-3rdPersonController/Melee Combat/Prefabs/Weapons/vKanata_Long.prefab
  artifactKey: Guid(6bbee781522ce5243a02bf72cd914cf5) Importer(815301076,1909f56bfc062723c751e8b465ee728b)
Start importing Assets/Invector-3rdPersonController/Melee Combat/Prefabs/Weapons/vKanata_Long.prefab using Guid(6bbee781522ce5243a02bf72cd914cf5) Importer(815301076,1909f56bfc062723c751e8b465ee728b)  -> (artifact id: '5d6da41a101a078a36aac14c95908879') in 0.037540 seconds 
========================================================================
Received Import Request.
  Time since last request: 0.000016 seconds.
  path: Assets/Invector-3rdPersonController/Melee Combat/Prefabs/Weapons/vKanata_Short.prefab
  artifactKey: Guid(43ec053b9c111644e80b4ddb5f535508) Importer(815301076,1909f56bfc062723c751e8b465ee728b)
Start importing Assets/Invector-3rdPersonController/Melee Combat/Prefabs/Weapons/vKanata_Short.prefab using Guid(43ec053b9c111644e80b4ddb5f535508) Importer(815301076,1909f56bfc062723c751e8b465ee728b)  -> (artifact id: '190e1f01a57832f629afba616f6de7b8') in 0.016861 seconds 
========================================================================
Received Import Request.
  Time since last request: 0.000034 seconds.
  path: Assets/Invector-3rdPersonController/Melee Combat/Prefabs/Weapons/vShield.prefab
  artifactKey: Guid(2232bbcc5a195274c9744c2c6352e910) Importer(815301076,1909f56bfc062723c751e8b465ee728b)
Start importing Assets/Invector-3rdPersonController/Melee Combat/Prefabs/Weapons/vShield.prefab using Guid(2232bbcc5a195274c9744c2c6352e910) Importer(815301076,1909f56bfc062723c751e8b465ee728b)  -> (artifact id: '966ca90a7c7de37b05d15d0c395357ea') in 0.014320 seconds 
========================================================================
Received Prepare
Registering precompiled user dll's ...
Registered in 0.004762 seconds.
Begin MonoManager ReloadAssembly
Symbol file LoadedFromMemory doesn't match image G:\NEW GAME\maxim evgenievich\Library\PackageCache\com.unity.visualscripting@1.8.0\Editor\VisualScripting.Core\Dependencies\YamlDotNet\Unity.VisualScripting.YamlDotNet.dll
Symbol file LoadedFromMemory doesn't match image G:\NEW GAME\maxim evgenievich\Library\PackageCache\com.unity.visualscripting@1.8.0\Editor\VisualScripting.Core\Dependencies\DotNetZip\Unity.VisualScripting.IonicZip.dll
Native extension for WindowsStandalone target not found
Native extension for Android target not found
Refreshing native plugins compatible for Editor in 1.02 ms, found 3 plugins.
Preloading 0 native plugins for Editor in 0.00 ms.
Mono: successfully reloaded assembly
- Completed reload, in  0.981 seconds
Domain Reload Profiling:
	ReloadAssembly (982ms)
		BeginReloadAssembly (123ms)
			ExecutionOrderSort (0ms)
			DisableScriptedObjects (2ms)
			BackupInstance (0ms)
			ReleaseScriptingObjects (0ms)
			CreateAndSetChildDomain (43ms)
		EndReloadAssembly (786ms)
			LoadAssemblies (74ms)
			RebuildTransferFunctionScriptingTraits (0ms)
			SetupTypeCache (231ms)
			ReleaseScriptCaches (1ms)
			RebuildScriptCaches (37ms)
			SetupLoadedEditorAssemblies (417ms)
				LogAssemblyErrors (0ms)
				InitializePlatformSupportModulesInManaged (15ms)
				SetLoadedEditorAssemblies (0ms)
				RefreshPlugins (1ms)
				BeforeProcessingInitializeOnLoad (55ms)
				ProcessInitializeOnLoadAttributes (327ms)
				ProcessInitializeOnLoadMethodAttributes (16ms)
				AfterProcessingInitializeOnLoad (4ms)
				EditorAssembliesLoaded (0ms)
			ExecutionOrderSort2 (0ms)
			AwakeInstancesAfterBackupRestoration (4ms)
Platform modules already initialized, skipping
Refreshing native plugins compatible for Editor in 2.72 ms, found 3 plugins.
Preloading 0 native plugins for Editor in 0.00 ms.
Unloading 4595 Unused Serialized files (Serialized files now loaded: 0)
Unloading 38 unused Assets / (297.5 KB). Loaded Objects now: 5192.
Memory consumption went from 174.4 MB to 174.1 MB.
Total: 3.375000 ms (FindLiveObjects: 0.352100 ms CreateObjectMapping: 0.248200 ms MarkObjects: 2.577700 ms  DeleteObjects: 0.195700 ms)

AssetImportParameters requested are different than current active one (requested -> active):
  custom:video-decoder-ogg-theora: a1e56fd34408186e4bbccfd4996cb3dc -> 
  custom:container-muxer-webm: aa71ff27fc2769a1b78a27578f13a17b -> 
  custom:container-demuxer-webm: 4f35f7cbe854078d1ac9338744f61a02 -> 
  custom:video-encoder-webm-vp8: eb34c28f22e8b96e1ab97ce403110664 -> 
  custom:video-codec-MediaFoundation-h265: 746d11721c4dcdbdad8f713fa42b33f4 -> 
  custom:CustomObjectIndexerAttribute: bc11b3a6c3213fcdd17b65e7da85e133 -> 
  custom:audio-encoder-webm-vorbis: bf7c407c2cedff20999df2af8eb42d56 -> 
  custom:framework-win-MediaFoundation: 216162199b28c13a410421893ffa2e32 -> 
  custom:container-demuxer-ogg: 62fdf1f143b41e24485cea50d1cbac27 -> 
  custom:video-decoder-webm-vp8: 9c59270c3fd7afecdb556c50c9e8de78 -> 
  custom:audio-decoder-ogg-vorbis: bf7c407c2cedff20999df2af8eb42d56 -> 
========================================================================
Received Prepare
Registering precompiled user dll's ...
Registered in 0.005183 seconds.
Begin MonoManager ReloadAssembly
Symbol file LoadedFromMemory doesn't match image G:\NEW GAME\maxim evgenievich\Library\PackageCache\com.unity.visualscripting@1.8.0\Editor\VisualScripting.Core\Dependencies\YamlDotNet\Unity.VisualScripting.YamlDotNet.dll
Symbol file LoadedFromMemory doesn't match image G:\NEW GAME\maxim evgenievich\Library\PackageCache\com.unity.visualscripting@1.8.0\Editor\VisualScripting.Core\Dependencies\DotNetZip\Unity.VisualScripting.IonicZip.dll
Native extension for WindowsStandalone target not found
Native extension for Android target not found
Refreshing native plugins compatible for Editor in 1.00 ms, found 3 plugins.
Preloading 0 native plugins for Editor in 0.00 ms.
Mono: successfully reloaded assembly
- Completed reload, in  1.029 seconds
Domain Reload Profiling:
	ReloadAssembly (1029ms)
		BeginReloadAssembly (121ms)
			ExecutionOrderSort (0ms)
			DisableScriptedObjects (3ms)
			BackupInstance (0ms)
			ReleaseScriptingObjects (0ms)
			CreateAndSetChildDomain (32ms)
		EndReloadAssembly (827ms)
			LoadAssemblies (81ms)
			RebuildTransferFunctionScriptingTraits (0ms)
			SetupTypeCache (225ms)
			ReleaseScriptCaches (1ms)
			RebuildScriptCaches (34ms)
			SetupLoadedEditorAssemblies (470ms)
				LogAssemblyErrors (0ms)
				InitializePlatformSupportModulesInManaged (18ms)
				SetLoadedEditorAssemblies (0ms)
				RefreshPlugins (1ms)
				BeforeProcessingInitializeOnLoad (38ms)
				ProcessInitializeOnLoadAttributes (389ms)
				ProcessInitializeOnLoadMethodAttributes (20ms)
				AfterProcessingInitializeOnLoad (4ms)
				EditorAssembliesLoaded (0ms)
			ExecutionOrderSort2 (0ms)
			AwakeInstancesAfterBackupRestoration (6ms)
Platform modules already initialized, skipping
Refreshing native plugins compatible for Editor in 3.04 ms, found 3 plugins.
Preloading 0 native plugins for Editor in 0.00 ms.
Unloading 4595 Unused Serialized files (Serialized files now loaded: 0)
Unloading 33 unused Assets / (268.5 KB). Loaded Objects now: 5195.
Memory consumption went from 174.4 MB to 174.1 MB.
Total: 2.343900 ms (FindLiveObjects: 0.255600 ms CreateObjectMapping: 0.124500 ms MarkObjects: 1.847400 ms  DeleteObjects: 0.115500 ms)

AssetImportParameters requested are different than current active one (requested -> active):
  custom:video-decoder-ogg-theora: a1e56fd34408186e4bbccfd4996cb3dc -> 
  custom:container-muxer-webm: aa71ff27fc2769a1b78a27578f13a17b -> 
  custom:container-demuxer-webm: 4f35f7cbe854078d1ac9338744f61a02 -> 
  custom:video-encoder-webm-vp8: eb34c28f22e8b96e1ab97ce403110664 -> 
  custom:video-codec-MediaFoundation-h265: 746d11721c4dcdbdad8f713fa42b33f4 -> 
  custom:CustomObjectIndexerAttribute: bc11b3a6c3213fcdd17b65e7da85e133 -> 
  custom:audio-encoder-webm-vorbis: bf7c407c2cedff20999df2af8eb42d56 -> 
  custom:framework-win-MediaFoundation: 216162199b28c13a410421893ffa2e32 -> 
  custom:container-demuxer-ogg: 62fdf1f143b41e24485cea50d1cbac27 -> 
  custom:video-decoder-webm-vp8: 9c59270c3fd7afecdb556c50c9e8de78 -> 
  custom:audio-decoder-ogg-vorbis: bf7c407c2cedff20999df2af8eb42d56 -> 
========================================================================
Received Prepare
Registering precompiled user dll's ...
Registered in 0.004111 seconds.
Begin MonoManager ReloadAssembly
Symbol file LoadedFromMemory doesn't match image G:\NEW GAME\maxim evgenievich\Library\PackageCache\com.unity.visualscripting@1.8.0\Editor\VisualScripting.Core\Dependencies\YamlDotNet\Unity.VisualScripting.YamlDotNet.dll
Symbol file LoadedFromMemory doesn't match image G:\NEW GAME\maxim evgenievich\Library\PackageCache\com.unity.visualscripting@1.8.0\Editor\VisualScripting.Core\Dependencies\DotNetZip\Unity.VisualScripting.IonicZip.dll
Native extension for WindowsStandalone target not found
Native extension for Android target not found
Refreshing native plugins compatible for Editor in 1.05 ms, found 3 plugins.
Preloading 0 native plugins for Editor in 0.00 ms.
Mono: successfully reloaded assembly
- Completed reload, in  0.963 seconds
Domain Reload Profiling:
	ReloadAssembly (963ms)
		BeginReloadAssembly (117ms)
			ExecutionOrderSort (0ms)
			DisableScriptedObjects (3ms)
			BackupInstance (0ms)
			ReleaseScriptingObjects (0ms)
			CreateAndSetChildDomain (35ms)
		EndReloadAssembly (747ms)
			LoadAssemblies (64ms)
			RebuildTransferFunctionScriptingTraits (0ms)
			SetupTypeCache (223ms)
			ReleaseScriptCaches (1ms)
			RebuildScriptCaches (31ms)
			SetupLoadedEditorAssemblies (397ms)
				LogAssemblyErrors (0ms)
				InitializePlatformSupportModulesInManaged (15ms)
				SetLoadedEditorAssemblies (0ms)
				RefreshPlugins (1ms)
				BeforeProcessingInitializeOnLoad (37ms)
				ProcessInitializeOnLoadAttributes (325ms)
				ProcessInitializeOnLoadMethodAttributes (15ms)
				AfterProcessingInitializeOnLoad (3ms)
				EditorAssembliesLoaded (0ms)
			ExecutionOrderSort2 (0ms)
			AwakeInstancesAfterBackupRestoration (4ms)
Platform modules already initialized, skipping
Refreshing native plugins compatible for Editor in 2.36 ms, found 3 plugins.
Preloading 0 native plugins for Editor in 0.00 ms.
Unloading 4595 Unused Serialized files (Serialized files now loaded: 0)
Unloading 33 unused Assets / (267.5 KB). Loaded Objects now: 5198.
Memory consumption went from 174.4 MB to 174.1 MB.
Total: 2.541500 ms (FindLiveObjects: 0.318900 ms CreateObjectMapping: 0.193000 ms MarkObjects: 1.904800 ms  DeleteObjects: 0.124000 ms)

AssetImportParameters requested are different than current active one (requested -> active):
  custom:video-decoder-ogg-theora: a1e56fd34408186e4bbccfd4996cb3dc -> 
  custom:container-muxer-webm: aa71ff27fc2769a1b78a27578f13a17b -> 
  custom:container-demuxer-webm: 4f35f7cbe854078d1ac9338744f61a02 -> 
  custom:video-encoder-webm-vp8: eb34c28f22e8b96e1ab97ce403110664 -> 
  custom:video-codec-MediaFoundation-h265: 746d11721c4dcdbdad8f713fa42b33f4 -> 
  custom:CustomObjectIndexerAttribute: bc11b3a6c3213fcdd17b65e7da85e133 -> 
  custom:audio-encoder-webm-vorbis: bf7c407c2cedff20999df2af8eb42d56 -> 
  custom:framework-win-MediaFoundation: 216162199b28c13a410421893ffa2e32 -> 
  custom:container-demuxer-ogg: 62fdf1f143b41e24485cea50d1cbac27 -> 
  custom:video-decoder-webm-vp8: 9c59270c3fd7afecdb556c50c9e8de78 -> 
  custom:audio-decoder-ogg-vorbis: bf7c407c2cedff20999df2af8eb42d56 -> 
========================================================================
Received Import Request.
  Time since last request: 50.636569 seconds.
  path: Assets/Invector-3rdPersonController/Melee Combat/Prefabs/Weapons/NoInventory/vAxe_Collectable.prefab
  artifactKey: Guid(ac512bf05f379cf47a6d45da777456de) Importer(815301076,1909f56bfc062723c751e8b465ee728b)
Start importing Assets/Invector-3rdPersonController/Melee Combat/Prefabs/Weapons/NoInventory/vAxe_Collectable.prefab using Guid(ac512bf05f379cf47a6d45da777456de) Importer(815301076,1909f56bfc062723c751e8b465ee728b)  -> (artifact id: 'a2136533e78d0164520b37f4f4bc2234') in 0.112733 seconds 
========================================================================
Received Prepare
Registering precompiled user dll's ...
Registered in 0.004163 seconds.
Begin MonoManager ReloadAssembly
Symbol file LoadedFromMemory doesn't match image G:\NEW GAME\maxim evgenievich\Library\PackageCache\com.unity.visualscripting@1.8.0\Editor\VisualScripting.Core\Dependencies\YamlDotNet\Unity.VisualScripting.YamlDotNet.dll
Symbol file LoadedFromMemory doesn't match image G:\NEW GAME\maxim evgenievich\Library\PackageCache\com.unity.visualscripting@1.8.0\Editor\VisualScripting.Core\Dependencies\DotNetZip\Unity.VisualScripting.IonicZip.dll
Native extension for WindowsStandalone target not found
Native extension for Android target not found
Refreshing native plugins compatible for Editor in 2.06 ms, found 3 plugins.
Preloading 0 native plugins for Editor in 0.00 ms.
Mono: successfully reloaded assembly
- Completed reload, in  1.054 seconds
Domain Reload Profiling:
	ReloadAssembly (1055ms)
		BeginReloadAssembly (142ms)
			ExecutionOrderSort (0ms)
			DisableScriptedObjects (3ms)
			BackupInstance (0ms)
			ReleaseScriptingObjects (0ms)
			CreateAndSetChildDomain (49ms)
		EndReloadAssembly (831ms)
			LoadAssemblies (80ms)
			RebuildTransferFunctionScriptingTraits (0ms)
			SetupTypeCache (230ms)
			ReleaseScriptCaches (2ms)
			RebuildScriptCaches (53ms)
			SetupLoadedEditorAssemblies (428ms)
				LogAssemblyErrors (0ms)
				InitializePlatformSupportModulesInManaged (16ms)
				SetLoadedEditorAssemblies (1ms)
				RefreshPlugins (2ms)
				BeforeProcessingInitializeOnLoad (43ms)
				ProcessInitializeOnLoadAttributes (347ms)
				ProcessInitializeOnLoadMethodAttributes (15ms)
				AfterProcessingInitializeOnLoad (3ms)
				EditorAssembliesLoaded (0ms)
			ExecutionOrderSort2 (0ms)
			AwakeInstancesAfterBackupRestoration (6ms)
Platform modules already initialized, skipping
Refreshing native plugins compatible for Editor in 2.41 ms, found 3 plugins.
Preloading 0 native plugins for Editor in 0.00 ms.
Unloading 4595 Unused Serialized files (Serialized files now loaded: 0)
Unloading 34 unused Assets / (295.0 KB). Loaded Objects now: 5201.
Memory consumption went from 174.4 MB to 174.1 MB.
Total: 4.113100 ms (FindLiveObjects: 0.383400 ms CreateObjectMapping: 0.195500 ms MarkObjects: 3.287500 ms  DeleteObjects: 0.244900 ms)

AssetImportParameters requested are different than current active one (requested -> active):
  custom:video-decoder-ogg-theora: a1e56fd34408186e4bbccfd4996cb3dc -> 
  custom:container-muxer-webm: aa71ff27fc2769a1b78a27578f13a17b -> 
  custom:container-demuxer-webm: 4f35f7cbe854078d1ac9338744f61a02 -> 
  custom:video-encoder-webm-vp8: eb34c28f22e8b96e1ab97ce403110664 -> 
  custom:video-codec-MediaFoundation-h265: 746d11721c4dcdbdad8f713fa42b33f4 -> 
  custom:CustomObjectIndexerAttribute: bc11b3a6c3213fcdd17b65e7da85e133 -> 
  custom:audio-encoder-webm-vorbis: bf7c407c2cedff20999df2af8eb42d56 -> 
  custom:framework-win-MediaFoundation: 216162199b28c13a410421893ffa2e32 -> 
  custom:container-demuxer-ogg: 62fdf1f143b41e24485cea50d1cbac27 -> 
  custom:video-decoder-webm-vp8: 9c59270c3fd7afecdb556c50c9e8de78 -> 
  custom:audio-decoder-ogg-vorbis: bf7c407c2cedff20999df2af8eb42d56 -> 
========================================================================
Received Prepare
Registering precompiled user dll's ...
Registered in 0.004144 seconds.
Begin MonoManager ReloadAssembly
Symbol file LoadedFromMemory doesn't match image G:\NEW GAME\maxim evgenievich\Library\PackageCache\com.unity.visualscripting@1.8.0\Editor\VisualScripting.Core\Dependencies\YamlDotNet\Unity.VisualScripting.YamlDotNet.dll
Symbol file LoadedFromMemory doesn't match image G:\NEW GAME\maxim evgenievich\Library\PackageCache\com.unity.visualscripting@1.8.0\Editor\VisualScripting.Core\Dependencies\DotNetZip\Unity.VisualScripting.IonicZip.dll
Native extension for WindowsStandalone target not found
Native extension for Android target not found
Refreshing native plugins compatible for Editor in 1.04 ms, found 3 plugins.
Preloading 0 native plugins for Editor in 0.00 ms.
Mono: successfully reloaded assembly
- Completed reload, in  0.903 seconds
Domain Reload Profiling:
	ReloadAssembly (903ms)
		BeginReloadAssembly (114ms)
			ExecutionOrderSort (0ms)
			DisableScriptedObjects (5ms)
			BackupInstance (0ms)
			ReleaseScriptingObjects (0ms)
			CreateAndSetChildDomain (33ms)
		EndReloadAssembly (711ms)
			LoadAssemblies (71ms)
			RebuildTransferFunctionScriptingTraits (0ms)
			SetupTypeCache (199ms)
			ReleaseScriptCaches (1ms)
			RebuildScriptCaches (31ms)
			SetupLoadedEditorAssemblies (382ms)
				LogAssemblyErrors (0ms)
				InitializePlatformSupportModulesInManaged (15ms)
				SetLoadedEditorAssemblies (0ms)
				RefreshPlugins (1ms)
				BeforeProcessingInitializeOnLoad (40ms)
				ProcessInitializeOnLoadAttributes (308ms)
				ProcessInitializeOnLoadMethodAttributes (15ms)
				AfterProcessingInitializeOnLoad (3ms)
				EditorAssembliesLoaded (0ms)
			ExecutionOrderSort2 (0ms)
			AwakeInstancesAfterBackupRestoration (5ms)
Platform modules already initialized, skipping
Refreshing native plugins compatible for Editor in 2.75 ms, found 3 plugins.
Preloading 0 native plugins for Editor in 0.00 ms.
Unloading 4595 Unused Serialized files (Serialized files now loaded: 0)
Unloading 33 unused Assets / (267.4 KB). Loaded Objects now: 5204.
Memory consumption went from 174.4 MB to 174.1 MB.
Total: 2.457300 ms (FindLiveObjects: 0.244500 ms CreateObjectMapping: 0.149800 ms MarkObjects: 1.939900 ms  DeleteObjects: 0.122600 ms)

AssetImportParameters requested are different than current active one (requested -> active):
  custom:video-decoder-ogg-theora: a1e56fd34408186e4bbccfd4996cb3dc -> 
  custom:container-muxer-webm: aa71ff27fc2769a1b78a27578f13a17b -> 
  custom:container-demuxer-webm: 4f35f7cbe854078d1ac9338744f61a02 -> 
  custom:video-encoder-webm-vp8: eb34c28f22e8b96e1ab97ce403110664 -> 
  custom:video-codec-MediaFoundation-h265: 746d11721c4dcdbdad8f713fa42b33f4 -> 
  custom:CustomObjectIndexerAttribute: bc11b3a6c3213fcdd17b65e7da85e133 -> 
  custom:audio-encoder-webm-vorbis: bf7c407c2cedff20999df2af8eb42d56 -> 
  custom:framework-win-MediaFoundation: 216162199b28c13a410421893ffa2e32 -> 
  custom:container-demuxer-ogg: 62fdf1f143b41e24485cea50d1cbac27 -> 
  custom:video-decoder-webm-vp8: 9c59270c3fd7afecdb556c50c9e8de78 -> 
  custom:audio-decoder-ogg-vorbis: bf7c407c2cedff20999df2af8eb42d56 -> 
